The system is: Linux - 3.10.0-957.10.1.el7.x86_64 - x86_64
Compiling the C compiler identification source file "CMakeCCompilerId.c" succeeded.
Compiler: /cvmfs/atlas.cern.ch/repo/sw/software/21.0/sw/lcg/releases/gcc/6.2.0binutils/x86_64-slc6-gcc62-opt/bin/gcc 
Build flags: 
Id flags:  

The output was:
0


Compilation of the C compiler identification source "CMakeCCompilerId.c" produced "a.out"

The C compiler identification is GNU, found in "/home/abes/tutorial2017/build/CMakeFiles/3.11.0/CompilerIdC/a.out"

Compiling the CXX compiler identification source file "CMakeCXXCompilerId.cpp" succeeded.
Compiler: /cvmfs/atlas.cern.ch/repo/sw/software/21.0/sw/lcg/releases/gcc/6.2.0binutils/x86_64-slc6-gcc62-opt/bin/g++ 
Build flags: 
Id flags:  

The output was:
0


Compilation of the CXX compiler identification source "CMakeCXXCompilerId.cpp" produced "a.out"

The CXX compiler identification is GNU, found in "/home/abes/tutorial2017/build/CMakeFiles/3.11.0/CompilerIdCXX/a.out"

Determining if the C compiler works passed with the following output:
Change Dir: /home/abes/tutorial2017/build/CMakeFiles/CMakeTmp

Run Build Command:"/usr/bin/gmake" "cmTC_104a1/fast"
/usr/bin/gmake -f CMakeFiles/cmTC_104a1.dir/build.make CMakeFiles/cmTC_104a1.dir/build
gmake[1]: Entering directory `/home/abes/tutorial2017/build/CMakeFiles/CMakeTmp'
Building C object CMakeFiles/cmTC_104a1.dir/testCCompiler.c.o
/cvmfs/atlas.cern.ch/repo/sw/software/21.0/sw/lcg/releases/gcc/6.2.0binutils/x86_64-slc6-gcc62-opt/bin/gcc    -o CMakeFiles/cmTC_104a1.dir/testCCompiler.c.o   -c /home/abes/tutorial2017/build/CMakeFiles/CMakeTmp/testCCompiler.c
Linking C executable cmTC_104a1
/cvmfs/atlas.cern.ch/repo/ATLASLocalRootBase/x86_64/Cmake/3.11.0/Linux-x86_64/bin/cmake -E cmake_link_script CMakeFiles/cmTC_104a1.dir/link.txt --verbose=1
/cvmfs/atlas.cern.ch/repo/sw/software/21.0/sw/lcg/releases/gcc/6.2.0binutils/x86_64-slc6-gcc62-opt/bin/gcc      -rdynamic CMakeFiles/cmTC_104a1.dir/testCCompiler.c.o  -o cmTC_104a1 
gmake[1]: Leaving directory `/home/abes/tutorial2017/build/CMakeFiles/CMakeTmp'


Detecting C compiler ABI info compiled with the following output:
Change Dir: /home/abes/tutorial2017/build/CMakeFiles/CMakeTmp

Run Build Command:"/usr/bin/gmake" "cmTC_49468/fast"
/usr/bin/gmake -f CMakeFiles/cmTC_49468.dir/build.make CMakeFiles/cmTC_49468.dir/build
gmake[1]: Entering directory `/home/abes/tutorial2017/build/CMakeFiles/CMakeTmp'
Building C object CMakeFiles/cmTC_49468.dir/CMakeCCompilerABI.c.o
/cvmfs/atlas.cern.ch/repo/sw/software/21.0/sw/lcg/releases/gcc/6.2.0binutils/x86_64-slc6-gcc62-opt/bin/gcc    -o CMakeFiles/cmTC_49468.dir/CMakeCCompilerABI.c.o   -c /cvmfs/atlas.cern.ch/repo/ATLASLocalRootBase/x86_64/Cmake/3.11.0/Linux-x86_64/share/cmake-3.11/Modules/CMakeCCompilerABI.c
Linking C executable cmTC_49468
/cvmfs/atlas.cern.ch/repo/ATLASLocalRootBase/x86_64/Cmake/3.11.0/Linux-x86_64/bin/cmake -E cmake_link_script CMakeFiles/cmTC_49468.dir/link.txt --verbose=1
/cvmfs/atlas.cern.ch/repo/sw/software/21.0/sw/lcg/releases/gcc/6.2.0binutils/x86_64-slc6-gcc62-opt/bin/gcc     -v -rdynamic CMakeFiles/cmTC_49468.dir/CMakeCCompilerABI.c.o  -o cmTC_49468 
Using built-in specs.
COLLECT_GCC=/cvmfs/atlas.cern.ch/repo/sw/software/21.0/sw/lcg/releases/gcc/6.2.0binutils/x86_64-slc6-gcc62-opt/bin/gcc
COLLECT_LTO_WRAPPER=/cvmfs/atlas.cern.ch/repo/sw/software/21.0/sw/lcg/releases/gcc/6.2binutils/x86_64-slc6-gcc62-opt/bin/../libexec/gcc/x86_64-pc-linux-gnu/6.2.0/lto-wrapper
Target: x86_64-pc-linux-gnu
Configured with: ../gcc-6.2.0/configure --prefix=/build/pmendez-sftnight/install-gcc620binutils -with-system-zlib --disable-multilib --enable-languages=all --with-gnu-ld --with-ld=/cvmfs/sft.cern.ch/lcg/contrib/bintuils/2.28/x86_64-slc6/bin/ld -with-gnu-as --with-gold=/cvmfs/sft.cern.ch/lcg/contrib/bintuils/2.28/x86_64-slc6/bin/ld.gold --with-as=/cvmfs/sft.cern.ch/lcg/contrib/bintuils/2.28/x86_64-slc6/bin/as --enable-gold --enable-ld
Thread model: posix
gcc version 6.2.0 (GCC) 
COMPILER_PATH=/cvmfs/atlas.cern.ch/repo/sw/software/21.0/sw/lcg/releases/gcc/6.2binutils/x86_64-slc6-gcc62-opt/bin/../libexec/gcc/x86_64-pc-linux-gnu/6.2.0/:/cvmfs/atlas.cern.ch/repo/sw/software/21.0/sw/lcg/releases/gcc/6.2binutils/x86_64-slc6-gcc62-opt/bin/../libexec/gcc/
LIBRARY_PATH=/cvmfs/atlas.cern.ch/repo/sw/software/21.0/sw/lcg/releases/gcc/6.2binutils/x86_64-slc6-gcc62-opt/bin/../lib/gcc/x86_64-pc-linux-gnu/6.2.0/:/cvmfs/atlas.cern.ch/repo/sw/software/21.0/sw/lcg/releases/gcc/6.2binutils/x86_64-slc6-gcc62-opt/bin/../lib/gcc/:/cvmfs/atlas.cern.ch/repo/sw/software/21.0/sw/lcg/releases/gcc/6.2binutils/x86_64-slc6-gcc62-opt/bin/../lib/gcc/x86_64-pc-linux-gnu/6.2.0/../../../../lib64/:/lib/../lib64/:/usr/lib/../lib64/:/cvmfs/atlas.cern.ch/repo/sw/software/21.0/sw/lcg/releases/gcc/6.2binutils/x86_64-slc6-gcc62-opt/bin/../lib/gcc/x86_64-pc-linux-gnu/6.2.0/../../../:/lib/:/usr/lib/
COLLECT_GCC_OPTIONS='-v' '-rdynamic' '-o' 'cmTC_49468' '-mtune=generic' '-march=x86-64'
 /cvmfs/atlas.cern.ch/repo/sw/software/21.0/sw/lcg/releases/gcc/6.2binutils/x86_64-slc6-gcc62-opt/bin/../libexec/gcc/x86_64-pc-linux-gnu/6.2.0/collect2 -plugin /cvmfs/atlas.cern.ch/repo/sw/software/21.0/sw/lcg/releases/gcc/6.2binutils/x86_64-slc6-gcc62-opt/bin/../libexec/gcc/x86_64-pc-linux-gnu/6.2.0/liblto_plugin.so -plugin-opt=/cvmfs/atlas.cern.ch/repo/sw/software/21.0/sw/lcg/releases/gcc/6.2binutils/x86_64-slc6-gcc62-opt/bin/../libexec/gcc/x86_64-pc-linux-gnu/6.2.0/lto-wrapper -plugin-opt=-fresolution=/tmp/ccsWiz4Z.res -plugin-opt=-pass-through=-lgcc -plugin-opt=-pass-through=-lgcc_s -plugin-opt=-pass-through=-lc -plugin-opt=-pass-through=-lgcc -plugin-opt=-pass-through=-lgcc_s --eh-frame-hdr -m elf_x86_64 -export-dynamic -dynamic-linker /lib64/ld-linux-x86-64.so.2 -o cmTC_49468 /lib/../lib64/crt1.o /lib/../lib64/crti.o /cvmfs/atlas.cern.ch/repo/sw/software/21.0/sw/lcg/releases/gcc/6.2binutils/x86_64-slc6-gcc62-opt/bin/../lib/gcc/x86_64-pc-linux-gnu/6.2.0/crtbegin.o -L/cvmfs/atlas.cern.ch/repo/sw/software/21.0/sw/lcg/releases/gcc/6.2binutils/x86_64-slc6-gcc62-opt/bin/../lib/gcc/x86_64-pc-linux-gnu/6.2.0 -L/cvmfs/atlas.cern.ch/repo/sw/software/21.0/sw/lcg/releases/gcc/6.2binutils/x86_64-slc6-gcc62-opt/bin/../lib/gcc -L/cvmfs/atlas.cern.ch/repo/sw/software/21.0/sw/lcg/releases/gcc/6.2binutils/x86_64-slc6-gcc62-opt/bin/../lib/gcc/x86_64-pc-linux-gnu/6.2.0/../../../../lib64 -L/lib/../lib64 -L/usr/lib/../lib64 -L/cvmfs/atlas.cern.ch/repo/sw/software/21.0/sw/lcg/releases/gcc/6.2binutils/x86_64-slc6-gcc62-opt/bin/../lib/gcc/x86_64-pc-linux-gnu/6.2.0/../../.. CMakeFiles/cmTC_49468.dir/CMakeCCompilerABI.c.o -lgcc --as-needed -lgcc_s --no-as-needed -lc -lgcc --as-needed -lgcc_s --no-as-needed /cvmfs/atlas.cern.ch/repo/sw/software/21.0/sw/lcg/releases/gcc/6.2binutils/x86_64-slc6-gcc62-opt/bin/../lib/gcc/x86_64-pc-linux-gnu/6.2.0/crtend.o /lib/../lib64/crtn.o
COLLECT_GCC_OPTIONS='-v' '-rdynamic' '-o' 'cmTC_49468' '-mtune=generic' '-march=x86-64'
gmake[1]: Leaving directory `/home/abes/tutorial2017/build/CMakeFiles/CMakeTmp'


Parsed C implicit link information from above output:
  link line regex: [^( *|.*[/\])(ld|CMAKE_LINK_STARTFILE-NOTFOUND|([^/\]+-)?ld|collect2)[^/\]*( |$)]
  ignore line: [Change Dir: /home/abes/tutorial2017/build/CMakeFiles/CMakeTmp]
  ignore line: []
  ignore line: [Run Build Command:"/usr/bin/gmake" "cmTC_49468/fast"]
  ignore line: [/usr/bin/gmake -f CMakeFiles/cmTC_49468.dir/build.make CMakeFiles/cmTC_49468.dir/build]
  ignore line: [gmake[1]: Entering directory `/home/abes/tutorial2017/build/CMakeFiles/CMakeTmp']
  ignore line: [Building C object CMakeFiles/cmTC_49468.dir/CMakeCCompilerABI.c.o]
  ignore line: [/cvmfs/atlas.cern.ch/repo/sw/software/21.0/sw/lcg/releases/gcc/6.2.0binutils/x86_64-slc6-gcc62-opt/bin/gcc    -o CMakeFiles/cmTC_49468.dir/CMakeCCompilerABI.c.o   -c /cvmfs/atlas.cern.ch/repo/ATLASLocalRootBase/x86_64/Cmake/3.11.0/Linux-x86_64/share/cmake-3.11/Modules/CMakeCCompilerABI.c]
  ignore line: [Linking C executable cmTC_49468]
  ignore line: [/cvmfs/atlas.cern.ch/repo/ATLASLocalRootBase/x86_64/Cmake/3.11.0/Linux-x86_64/bin/cmake -E cmake_link_script CMakeFiles/cmTC_49468.dir/link.txt --verbose=1]
  ignore line: [/cvmfs/atlas.cern.ch/repo/sw/software/21.0/sw/lcg/releases/gcc/6.2.0binutils/x86_64-slc6-gcc62-opt/bin/gcc     -v -rdynamic CMakeFiles/cmTC_49468.dir/CMakeCCompilerABI.c.o  -o cmTC_49468 ]
  ignore line: [Using built-in specs.]
  ignore line: [COLLECT_GCC=/cvmfs/atlas.cern.ch/repo/sw/software/21.0/sw/lcg/releases/gcc/6.2.0binutils/x86_64-slc6-gcc62-opt/bin/gcc]
  ignore line: [COLLECT_LTO_WRAPPER=/cvmfs/atlas.cern.ch/repo/sw/software/21.0/sw/lcg/releases/gcc/6.2binutils/x86_64-slc6-gcc62-opt/bin/../libexec/gcc/x86_64-pc-linux-gnu/6.2.0/lto-wrapper]
  ignore line: [Target: x86_64-pc-linux-gnu]
  ignore line: [Configured with: ../gcc-6.2.0/configure --prefix=/build/pmendez-sftnight/install-gcc620binutils -with-system-zlib --disable-multilib --enable-languages=all --with-gnu-ld --with-ld=/cvmfs/sft.cern.ch/lcg/contrib/bintuils/2.28/x86_64-slc6/bin/ld -with-gnu-as --with-gold=/cvmfs/sft.cern.ch/lcg/contrib/bintuils/2.28/x86_64-slc6/bin/ld.gold --with-as=/cvmfs/sft.cern.ch/lcg/contrib/bintuils/2.28/x86_64-slc6/bin/as --enable-gold --enable-ld]
  ignore line: [Thread model: posix]
  ignore line: [gcc version 6.2.0 (GCC) ]
  ignore line: [COMPILER_PATH=/cvmfs/atlas.cern.ch/repo/sw/software/21.0/sw/lcg/releases/gcc/6.2binutils/x86_64-slc6-gcc62-opt/bin/../libexec/gcc/x86_64-pc-linux-gnu/6.2.0/:/cvmfs/atlas.cern.ch/repo/sw/software/21.0/sw/lcg/releases/gcc/6.2binutils/x86_64-slc6-gcc62-opt/bin/../libexec/gcc/]
  ignore line: [LIBRARY_PATH=/cvmfs/atlas.cern.ch/repo/sw/software/21.0/sw/lcg/releases/gcc/6.2binutils/x86_64-slc6-gcc62-opt/bin/../lib/gcc/x86_64-pc-linux-gnu/6.2.0/:/cvmfs/atlas.cern.ch/repo/sw/software/21.0/sw/lcg/releases/gcc/6.2binutils/x86_64-slc6-gcc62-opt/bin/../lib/gcc/:/cvmfs/atlas.cern.ch/repo/sw/software/21.0/sw/lcg/releases/gcc/6.2binutils/x86_64-slc6-gcc62-opt/bin/../lib/gcc/x86_64-pc-linux-gnu/6.2.0/../../../../lib64/:/lib/../lib64/:/usr/lib/../lib64/:/cvmfs/atlas.cern.ch/repo/sw/software/21.0/sw/lcg/releases/gcc/6.2binutils/x86_64-slc6-gcc62-opt/bin/../lib/gcc/x86_64-pc-linux-gnu/6.2.0/../../../:/lib/:/usr/lib/]
  ignore line: [COLLECT_GCC_OPTIONS='-v' '-rdynamic' '-o' 'cmTC_49468' '-mtune=generic' '-march=x86-64']
  link line: [ /cvmfs/atlas.cern.ch/repo/sw/software/21.0/sw/lcg/releases/gcc/6.2binutils/x86_64-slc6-gcc62-opt/bin/../libexec/gcc/x86_64-pc-linux-gnu/6.2.0/collect2 -plugin /cvmfs/atlas.cern.ch/repo/sw/software/21.0/sw/lcg/releases/gcc/6.2binutils/x86_64-slc6-gcc62-opt/bin/../libexec/gcc/x86_64-pc-linux-gnu/6.2.0/liblto_plugin.so -plugin-opt=/cvmfs/atlas.cern.ch/repo/sw/software/21.0/sw/lcg/releases/gcc/6.2binutils/x86_64-slc6-gcc62-opt/bin/../libexec/gcc/x86_64-pc-linux-gnu/6.2.0/lto-wrapper -plugin-opt=-fresolution=/tmp/ccsWiz4Z.res -plugin-opt=-pass-through=-lgcc -plugin-opt=-pass-through=-lgcc_s -plugin-opt=-pass-through=-lc -plugin-opt=-pass-through=-lgcc -plugin-opt=-pass-through=-lgcc_s --eh-frame-hdr -m elf_x86_64 -export-dynamic -dynamic-linker /lib64/ld-linux-x86-64.so.2 -o cmTC_49468 /lib/../lib64/crt1.o /lib/../lib64/crti.o /cvmfs/atlas.cern.ch/repo/sw/software/21.0/sw/lcg/releases/gcc/6.2binutils/x86_64-slc6-gcc62-opt/bin/../lib/gcc/x86_64-pc-linux-gnu/6.2.0/crtbegin.o -L/cvmfs/atlas.cern.ch/repo/sw/software/21.0/sw/lcg/releases/gcc/6.2binutils/x86_64-slc6-gcc62-opt/bin/../lib/gcc/x86_64-pc-linux-gnu/6.2.0 -L/cvmfs/atlas.cern.ch/repo/sw/software/21.0/sw/lcg/releases/gcc/6.2binutils/x86_64-slc6-gcc62-opt/bin/../lib/gcc -L/cvmfs/atlas.cern.ch/repo/sw/software/21.0/sw/lcg/releases/gcc/6.2binutils/x86_64-slc6-gcc62-opt/bin/../lib/gcc/x86_64-pc-linux-gnu/6.2.0/../../../../lib64 -L/lib/../lib64 -L/usr/lib/../lib64 -L/cvmfs/atlas.cern.ch/repo/sw/software/21.0/sw/lcg/releases/gcc/6.2binutils/x86_64-slc6-gcc62-opt/bin/../lib/gcc/x86_64-pc-linux-gnu/6.2.0/../../.. CMakeFiles/cmTC_49468.dir/CMakeCCompilerABI.c.o -lgcc --as-needed -lgcc_s --no-as-needed -lc -lgcc --as-needed -lgcc_s --no-as-needed /cvmfs/atlas.cern.ch/repo/sw/software/21.0/sw/lcg/releases/gcc/6.2binutils/x86_64-slc6-gcc62-opt/bin/../lib/gcc/x86_64-pc-linux-gnu/6.2.0/crtend.o /lib/../lib64/crtn.o]
    arg [/cvmfs/atlas.cern.ch/repo/sw/software/21.0/sw/lcg/releases/gcc/6.2binutils/x86_64-slc6-gcc62-opt/bin/../libexec/gcc/x86_64-pc-linux-gnu/6.2.0/collect2] ==> ignore
    arg [-plugin] ==> ignore
    arg [/cvmfs/atlas.cern.ch/repo/sw/software/21.0/sw/lcg/releases/gcc/6.2binutils/x86_64-slc6-gcc62-opt/bin/../libexec/gcc/x86_64-pc-linux-gnu/6.2.0/liblto_plugin.so] ==> ignore
    arg [-plugin-opt=/cvmfs/atlas.cern.ch/repo/sw/software/21.0/sw/lcg/releases/gcc/6.2binutils/x86_64-slc6-gcc62-opt/bin/../libexec/gcc/x86_64-pc-linux-gnu/6.2.0/lto-wrapper] ==> ignore
    arg [-plugin-opt=-fresolution=/tmp/ccsWiz4Z.res] ==> ignore
    arg [-plugin-opt=-pass-through=-lgcc] ==> ignore
    arg [-plugin-opt=-pass-through=-lgcc_s] ==> ignore
    arg [-plugin-opt=-pass-through=-lc] ==> ignore
    arg [-plugin-opt=-pass-through=-lgcc] ==> ignore
    arg [-plugin-opt=-pass-through=-lgcc_s] ==> ignore
    arg [--eh-frame-hdr] ==> ignore
    arg [-m] ==> ignore
    arg [elf_x86_64] ==> ignore
    arg [-export-dynamic] ==> ignore
    arg [-dynamic-linker] ==> ignore
    arg [/lib64/ld-linux-x86-64.so.2] ==> ignore
    arg [-o] ==> ignore
    arg [cmTC_49468] ==> ignore
    arg [/lib/../lib64/crt1.o] ==> ignore
    arg [/lib/../lib64/crti.o] ==> ignore
    arg [/cvmfs/atlas.cern.ch/repo/sw/software/21.0/sw/lcg/releases/gcc/6.2binutils/x86_64-slc6-gcc62-opt/bin/../lib/gcc/x86_64-pc-linux-gnu/6.2.0/crtbegin.o] ==> ignore
    arg [-L/cvmfs/atlas.cern.ch/repo/sw/software/21.0/sw/lcg/releases/gcc/6.2binutils/x86_64-slc6-gcc62-opt/bin/../lib/gcc/x86_64-pc-linux-gnu/6.2.0] ==> dir [/cvmfs/atlas.cern.ch/repo/sw/software/21.0/sw/lcg/releases/gcc/6.2binutils/x86_64-slc6-gcc62-opt/bin/../lib/gcc/x86_64-pc-linux-gnu/6.2.0]
    arg [-L/cvmfs/atlas.cern.ch/repo/sw/software/21.0/sw/lcg/releases/gcc/6.2binutils/x86_64-slc6-gcc62-opt/bin/../lib/gcc] ==> dir [/cvmfs/atlas.cern.ch/repo/sw/software/21.0/sw/lcg/releases/gcc/6.2binutils/x86_64-slc6-gcc62-opt/bin/../lib/gcc]
    arg [-L/cvmfs/atlas.cern.ch/repo/sw/software/21.0/sw/lcg/releases/gcc/6.2binutils/x86_64-slc6-gcc62-opt/bin/../lib/gcc/x86_64-pc-linux-gnu/6.2.0/../../../../lib64] ==> dir [/cvmfs/atlas.cern.ch/repo/sw/software/21.0/sw/lcg/releases/gcc/6.2binutils/x86_64-slc6-gcc62-opt/bin/../lib/gcc/x86_64-pc-linux-gnu/6.2.0/../../../../lib64]
    arg [-L/lib/../lib64] ==> dir [/lib/../lib64]
    arg [-L/usr/lib/../lib64] ==> dir [/usr/lib/../lib64]
    arg [-L/cvmfs/atlas.cern.ch/repo/sw/software/21.0/sw/lcg/releases/gcc/6.2binutils/x86_64-slc6-gcc62-opt/bin/../lib/gcc/x86_64-pc-linux-gnu/6.2.0/../../..] ==> dir [/cvmfs/atlas.cern.ch/repo/sw/software/21.0/sw/lcg/releases/gcc/6.2binutils/x86_64-slc6-gcc62-opt/bin/../lib/gcc/x86_64-pc-linux-gnu/6.2.0/../../..]
    arg [CMakeFiles/cmTC_49468.dir/CMakeCCompilerABI.c.o] ==> ignore
    arg [-lgcc] ==> lib [gcc]
    arg [--as-needed] ==> ignore
    arg [-lgcc_s] ==> lib [gcc_s]
    arg [--no-as-needed] ==> ignore
    arg [-lc] ==> lib [c]
    arg [-lgcc] ==> lib [gcc]
    arg [--as-needed] ==> ignore
    arg [-lgcc_s] ==> lib [gcc_s]
    arg [--no-as-needed] ==> ignore
    arg [/cvmfs/atlas.cern.ch/repo/sw/software/21.0/sw/lcg/releases/gcc/6.2binutils/x86_64-slc6-gcc62-opt/bin/../lib/gcc/x86_64-pc-linux-gnu/6.2.0/crtend.o] ==> ignore
    arg [/lib/../lib64/crtn.o] ==> ignore
  collapse library dir [/cvmfs/atlas.cern.ch/repo/sw/software/21.0/sw/lcg/releases/gcc/6.2binutils/x86_64-slc6-gcc62-opt/bin/../lib/gcc/x86_64-pc-linux-gnu/6.2.0] ==> [/cvmfs/atlas.cern.ch/repo/sw/software/21.0/sw/lcg/releases/gcc/6.2binutils/x86_64-slc6-gcc62-opt/lib/gcc/x86_64-pc-linux-gnu/6.2.0]
  collapse library dir [/cvmfs/atlas.cern.ch/repo/sw/software/21.0/sw/lcg/releases/gcc/6.2binutils/x86_64-slc6-gcc62-opt/bin/../lib/gcc] ==> [/cvmfs/atlas.cern.ch/repo/sw/software/21.0/sw/lcg/releases/gcc/6.2binutils/x86_64-slc6-gcc62-opt/lib/gcc]
  collapse library dir [/cvmfs/atlas.cern.ch/repo/sw/software/21.0/sw/lcg/releases/gcc/6.2binutils/x86_64-slc6-gcc62-opt/bin/../lib/gcc/x86_64-pc-linux-gnu/6.2.0/../../../../lib64] ==> [/cvmfs/atlas.cern.ch/repo/sw/software/21.0/sw/lcg/releases/gcc/6.2binutils/x86_64-slc6-gcc62-opt/lib64]
  collapse library dir [/lib/../lib64] ==> [/lib64]
  collapse library dir [/usr/lib/../lib64] ==> [/usr/lib64]
  collapse library dir [/cvmfs/atlas.cern.ch/repo/sw/software/21.0/sw/lcg/releases/gcc/6.2binutils/x86_64-slc6-gcc62-opt/bin/../lib/gcc/x86_64-pc-linux-gnu/6.2.0/../../..] ==> [/cvmfs/atlas.cern.ch/repo/sw/software/21.0/sw/lcg/releases/gcc/6.2binutils/x86_64-slc6-gcc62-opt/lib]
  implicit libs: [gcc;gcc_s;c;gcc;gcc_s]
  implicit dirs: [/cvmfs/atlas.cern.ch/repo/sw/software/21.0/sw/lcg/releases/gcc/6.2binutils/x86_64-slc6-gcc62-opt/lib/gcc/x86_64-pc-linux-gnu/6.2.0;/cvmfs/atlas.cern.ch/repo/sw/software/21.0/sw/lcg/releases/gcc/6.2binutils/x86_64-slc6-gcc62-opt/lib/gcc;/cvmfs/atlas.cern.ch/repo/sw/software/21.0/sw/lcg/releases/gcc/6.2binutils/x86_64-slc6-gcc62-opt/lib64;/lib64;/usr/lib64;/cvmfs/atlas.cern.ch/repo/sw/software/21.0/sw/lcg/releases/gcc/6.2binutils/x86_64-slc6-gcc62-opt/lib]
  implicit fwks: []




Detecting C [-std=c11] compiler features compiled with the following output:
Change Dir: /home/abes/tutorial2017/build/CMakeFiles/CMakeTmp

Run Build Command:"/usr/bin/gmake" "cmTC_9f447/fast"
/usr/bin/gmake -f CMakeFiles/cmTC_9f447.dir/build.make CMakeFiles/cmTC_9f447.dir/build
gmake[1]: Entering directory `/home/abes/tutorial2017/build/CMakeFiles/CMakeTmp'
Building C object CMakeFiles/cmTC_9f447.dir/feature_tests.c.o
/cvmfs/atlas.cern.ch/repo/sw/software/21.0/sw/lcg/releases/gcc/6.2.0binutils/x86_64-slc6-gcc62-opt/bin/gcc   -std=c11 -o CMakeFiles/cmTC_9f447.dir/feature_tests.c.o   -c /home/abes/tutorial2017/build/CMakeFiles/feature_tests.c
Linking C executable cmTC_9f447
/cvmfs/atlas.cern.ch/repo/ATLASLocalRootBase/x86_64/Cmake/3.11.0/Linux-x86_64/bin/cmake -E cmake_link_script CMakeFiles/cmTC_9f447.dir/link.txt --verbose=1
/cvmfs/atlas.cern.ch/repo/sw/software/21.0/sw/lcg/releases/gcc/6.2.0binutils/x86_64-slc6-gcc62-opt/bin/gcc      -rdynamic CMakeFiles/cmTC_9f447.dir/feature_tests.c.o  -o cmTC_9f447 
gmake[1]: Leaving directory `/home/abes/tutorial2017/build/CMakeFiles/CMakeTmp'


    Feature record: C_FEATURE:1c_function_prototypes
    Feature record: C_FEATURE:1c_restrict
    Feature record: C_FEATURE:1c_static_assert
    Feature record: C_FEATURE:1c_variadic_macros


Detecting C [-std=c99] compiler features compiled with the following output:
Change Dir: /home/abes/tutorial2017/build/CMakeFiles/CMakeTmp

Run Build Command:"/usr/bin/gmake" "cmTC_36b71/fast"
/usr/bin/gmake -f CMakeFiles/cmTC_36b71.dir/build.make CMakeFiles/cmTC_36b71.dir/build
gmake[1]: Entering directory `/home/abes/tutorial2017/build/CMakeFiles/CMakeTmp'
Building C object CMakeFiles/cmTC_36b71.dir/feature_tests.c.o
/cvmfs/atlas.cern.ch/repo/sw/software/21.0/sw/lcg/releases/gcc/6.2.0binutils/x86_64-slc6-gcc62-opt/bin/gcc   -std=c99 -o CMakeFiles/cmTC_36b71.dir/feature_tests.c.o   -c /home/abes/tutorial2017/build/CMakeFiles/feature_tests.c
Linking C executable cmTC_36b71
/cvmfs/atlas.cern.ch/repo/ATLASLocalRootBase/x86_64/Cmake/3.11.0/Linux-x86_64/bin/cmake -E cmake_link_script CMakeFiles/cmTC_36b71.dir/link.txt --verbose=1
/cvmfs/atlas.cern.ch/repo/sw/software/21.0/sw/lcg/releases/gcc/6.2.0binutils/x86_64-slc6-gcc62-opt/bin/gcc      -rdynamic CMakeFiles/cmTC_36b71.dir/feature_tests.c.o  -o cmTC_36b71 
gmake[1]: Leaving directory `/home/abes/tutorial2017/build/CMakeFiles/CMakeTmp'


    Feature record: C_FEATURE:1c_function_prototypes
    Feature record: C_FEATURE:1c_restrict
    Feature record: C_FEATURE:0c_static_assert
    Feature record: C_FEATURE:1c_variadic_macros


Detecting C [-std=c90] compiler features compiled with the following output:
Change Dir: /home/abes/tutorial2017/build/CMakeFiles/CMakeTmp

Run Build Command:"/usr/bin/gmake" "cmTC_67c8b/fast"
/usr/bin/gmake -f CMakeFiles/cmTC_67c8b.dir/build.make CMakeFiles/cmTC_67c8b.dir/build
gmake[1]: Entering directory `/home/abes/tutorial2017/build/CMakeFiles/CMakeTmp'
Building C object CMakeFiles/cmTC_67c8b.dir/feature_tests.c.o
/cvmfs/atlas.cern.ch/repo/sw/software/21.0/sw/lcg/releases/gcc/6.2.0binutils/x86_64-slc6-gcc62-opt/bin/gcc   -std=c90 -o CMakeFiles/cmTC_67c8b.dir/feature_tests.c.o   -c /home/abes/tutorial2017/build/CMakeFiles/feature_tests.c
Linking C executable cmTC_67c8b
/cvmfs/atlas.cern.ch/repo/ATLASLocalRootBase/x86_64/Cmake/3.11.0/Linux-x86_64/bin/cmake -E cmake_link_script CMakeFiles/cmTC_67c8b.dir/link.txt --verbose=1
/cvmfs/atlas.cern.ch/repo/sw/software/21.0/sw/lcg/releases/gcc/6.2.0binutils/x86_64-slc6-gcc62-opt/bin/gcc      -rdynamic CMakeFiles/cmTC_67c8b.dir/feature_tests.c.o  -o cmTC_67c8b 
gmake[1]: Leaving directory `/home/abes/tutorial2017/build/CMakeFiles/CMakeTmp'


    Feature record: C_FEATURE:1c_function_prototypes
    Feature record: C_FEATURE:0c_restrict
    Feature record: C_FEATURE:0c_static_assert
    Feature record: C_FEATURE:0c_variadic_macros
Determining if the CXX compiler works passed with the following output:
Change Dir: /home/abes/tutorial2017/build/CMakeFiles/CMakeTmp

Run Build Command:"/usr/bin/gmake" "cmTC_b87b0/fast"
/usr/bin/gmake -f CMakeFiles/cmTC_b87b0.dir/build.make CMakeFiles/cmTC_b87b0.dir/build
gmake[1]: Entering directory `/home/abes/tutorial2017/build/CMakeFiles/CMakeTmp'
Building CXX object CMakeFiles/cmTC_b87b0.dir/testCXXCompiler.cxx.o
/cvmfs/atlas.cern.ch/repo/sw/software/21.0/sw/lcg/releases/gcc/6.2.0binutils/x86_64-slc6-gcc62-opt/bin/g++     -o CMakeFiles/cmTC_b87b0.dir/testCXXCompiler.cxx.o -c /home/abes/tutorial2017/build/CMakeFiles/CMakeTmp/testCXXCompiler.cxx
Linking CXX executable cmTC_b87b0
/cvmfs/atlas.cern.ch/repo/ATLASLocalRootBase/x86_64/Cmake/3.11.0/Linux-x86_64/bin/cmake -E cmake_link_script CMakeFiles/cmTC_b87b0.dir/link.txt --verbose=1
/cvmfs/atlas.cern.ch/repo/sw/software/21.0/sw/lcg/releases/gcc/6.2.0binutils/x86_64-slc6-gcc62-opt/bin/g++       -rdynamic CMakeFiles/cmTC_b87b0.dir/testCXXCompiler.cxx.o  -o cmTC_b87b0 
gmake[1]: Leaving directory `/home/abes/tutorial2017/build/CMakeFiles/CMakeTmp'


Detecting CXX compiler ABI info compiled with the following output:
Change Dir: /home/abes/tutorial2017/build/CMakeFiles/CMakeTmp

Run Build Command:"/usr/bin/gmake" "cmTC_6304c/fast"
/usr/bin/gmake -f CMakeFiles/cmTC_6304c.dir/build.make CMakeFiles/cmTC_6304c.dir/build
gmake[1]: Entering directory `/home/abes/tutorial2017/build/CMakeFiles/CMakeTmp'
Building CXX object CMakeFiles/cmTC_6304c.dir/CMakeCXXCompilerABI.cpp.o
/cvmfs/atlas.cern.ch/repo/sw/software/21.0/sw/lcg/releases/gcc/6.2.0binutils/x86_64-slc6-gcc62-opt/bin/g++     -o CMakeFiles/cmTC_6304c.dir/CMakeCXXCompilerABI.cpp.o -c /cvmfs/atlas.cern.ch/repo/ATLASLocalRootBase/x86_64/Cmake/3.11.0/Linux-x86_64/share/cmake-3.11/Modules/CMakeCXXCompilerABI.cpp
Linking CXX executable cmTC_6304c
/cvmfs/atlas.cern.ch/repo/ATLASLocalRootBase/x86_64/Cmake/3.11.0/Linux-x86_64/bin/cmake -E cmake_link_script CMakeFiles/cmTC_6304c.dir/link.txt --verbose=1
/cvmfs/atlas.cern.ch/repo/sw/software/21.0/sw/lcg/releases/gcc/6.2.0binutils/x86_64-slc6-gcc62-opt/bin/g++      -v -rdynamic CMakeFiles/cmTC_6304c.dir/CMakeCXXCompilerABI.cpp.o  -o cmTC_6304c 
Using built-in specs.
COLLECT_GCC=/cvmfs/atlas.cern.ch/repo/sw/software/21.0/sw/lcg/releases/gcc/6.2.0binutils/x86_64-slc6-gcc62-opt/bin/g++
COLLECT_LTO_WRAPPER=/cvmfs/atlas.cern.ch/repo/sw/software/21.0/sw/lcg/releases/gcc/6.2binutils/x86_64-slc6-gcc62-opt/bin/../libexec/gcc/x86_64-pc-linux-gnu/6.2.0/lto-wrapper
Target: x86_64-pc-linux-gnu
Configured with: ../gcc-6.2.0/configure --prefix=/build/pmendez-sftnight/install-gcc620binutils -with-system-zlib --disable-multilib --enable-languages=all --with-gnu-ld --with-ld=/cvmfs/sft.cern.ch/lcg/contrib/bintuils/2.28/x86_64-slc6/bin/ld -with-gnu-as --with-gold=/cvmfs/sft.cern.ch/lcg/contrib/bintuils/2.28/x86_64-slc6/bin/ld.gold --with-as=/cvmfs/sft.cern.ch/lcg/contrib/bintuils/2.28/x86_64-slc6/bin/as --enable-gold --enable-ld
Thread model: posix
gcc version 6.2.0 (GCC) 
COMPILER_PATH=/cvmfs/atlas.cern.ch/repo/sw/software/21.0/sw/lcg/releases/gcc/6.2binutils/x86_64-slc6-gcc62-opt/bin/../libexec/gcc/x86_64-pc-linux-gnu/6.2.0/:/cvmfs/atlas.cern.ch/repo/sw/software/21.0/sw/lcg/releases/gcc/6.2binutils/x86_64-slc6-gcc62-opt/bin/../libexec/gcc/
LIBRARY_PATH=/cvmfs/atlas.cern.ch/repo/sw/software/21.0/sw/lcg/releases/gcc/6.2binutils/x86_64-slc6-gcc62-opt/bin/../lib/gcc/x86_64-pc-linux-gnu/6.2.0/:/cvmfs/atlas.cern.ch/repo/sw/software/21.0/sw/lcg/releases/gcc/6.2binutils/x86_64-slc6-gcc62-opt/bin/../lib/gcc/:/cvmfs/atlas.cern.ch/repo/sw/software/21.0/sw/lcg/releases/gcc/6.2binutils/x86_64-slc6-gcc62-opt/bin/../lib/gcc/x86_64-pc-linux-gnu/6.2.0/../../../../lib64/:/lib/../lib64/:/usr/lib/../lib64/:/cvmfs/atlas.cern.ch/repo/sw/software/21.0/sw/lcg/releases/gcc/6.2binutils/x86_64-slc6-gcc62-opt/bin/../lib/gcc/x86_64-pc-linux-gnu/6.2.0/../../../:/lib/:/usr/lib/
COLLECT_GCC_OPTIONS='-v' '-rdynamic' '-o' 'cmTC_6304c' '-shared-libgcc' '-mtune=generic' '-march=x86-64'
 /cvmfs/atlas.cern.ch/repo/sw/software/21.0/sw/lcg/releases/gcc/6.2binutils/x86_64-slc6-gcc62-opt/bin/../libexec/gcc/x86_64-pc-linux-gnu/6.2.0/collect2 -plugin /cvmfs/atlas.cern.ch/repo/sw/software/21.0/sw/lcg/releases/gcc/6.2binutils/x86_64-slc6-gcc62-opt/bin/../libexec/gcc/x86_64-pc-linux-gnu/6.2.0/liblto_plugin.so -plugin-opt=/cvmfs/atlas.cern.ch/repo/sw/software/21.0/sw/lcg/releases/gcc/6.2binutils/x86_64-slc6-gcc62-opt/bin/../libexec/gcc/x86_64-pc-linux-gnu/6.2.0/lto-wrapper -plugin-opt=-fresolution=/tmp/ccpY9v1m.res -plugin-opt=-pass-through=-lgcc_s -plugin-opt=-pass-through=-lgcc -plugin-opt=-pass-through=-lc -plugin-opt=-pass-through=-lgcc_s -plugin-opt=-pass-through=-lgcc --eh-frame-hdr -m elf_x86_64 -export-dynamic -dynamic-linker /lib64/ld-linux-x86-64.so.2 -o cmTC_6304c /lib/../lib64/crt1.o /lib/../lib64/crti.o /cvmfs/atlas.cern.ch/repo/sw/software/21.0/sw/lcg/releases/gcc/6.2binutils/x86_64-slc6-gcc62-opt/bin/../lib/gcc/x86_64-pc-linux-gnu/6.2.0/crtbegin.o -L/cvmfs/atlas.cern.ch/repo/sw/software/21.0/sw/lcg/releases/gcc/6.2binutils/x86_64-slc6-gcc62-opt/bin/../lib/gcc/x86_64-pc-linux-gnu/6.2.0 -L/cvmfs/atlas.cern.ch/repo/sw/software/21.0/sw/lcg/releases/gcc/6.2binutils/x86_64-slc6-gcc62-opt/bin/../lib/gcc -L/cvmfs/atlas.cern.ch/repo/sw/software/21.0/sw/lcg/releases/gcc/6.2binutils/x86_64-slc6-gcc62-opt/bin/../lib/gcc/x86_64-pc-linux-gnu/6.2.0/../../../../lib64 -L/lib/../lib64 -L/usr/lib/../lib64 -L/cvmfs/atlas.cern.ch/repo/sw/software/21.0/sw/lcg/releases/gcc/6.2binutils/x86_64-slc6-gcc62-opt/bin/../lib/gcc/x86_64-pc-linux-gnu/6.2.0/../../.. CMakeFiles/cmTC_6304c.dir/CMakeCXXCompilerABI.cpp.o -lstdc++ -lm -lgcc_s -lgcc -lc -lgcc_s -lgcc /cvmfs/atlas.cern.ch/repo/sw/software/21.0/sw/lcg/releases/gcc/6.2binutils/x86_64-slc6-gcc62-opt/bin/../lib/gcc/x86_64-pc-linux-gnu/6.2.0/crtend.o /lib/../lib64/crtn.o
COLLECT_GCC_OPTIONS='-v' '-rdynamic' '-o' 'cmTC_6304c' '-shared-libgcc' '-mtune=generic' '-march=x86-64'
gmake[1]: Leaving directory `/home/abes/tutorial2017/build/CMakeFiles/CMakeTmp'


Parsed CXX implicit link information from above output:
  link line regex: [^( *|.*[/\])(ld|CMAKE_LINK_STARTFILE-NOTFOUND|([^/\]+-)?ld|collect2)[^/\]*( |$)]
  ignore line: [Change Dir: /home/abes/tutorial2017/build/CMakeFiles/CMakeTmp]
  ignore line: []
  ignore line: [Run Build Command:"/usr/bin/gmake" "cmTC_6304c/fast"]
  ignore line: [/usr/bin/gmake -f CMakeFiles/cmTC_6304c.dir/build.make CMakeFiles/cmTC_6304c.dir/build]
  ignore line: [gmake[1]: Entering directory `/home/abes/tutorial2017/build/CMakeFiles/CMakeTmp']
  ignore line: [Building CXX object CMakeFiles/cmTC_6304c.dir/CMakeCXXCompilerABI.cpp.o]
  ignore line: [/cvmfs/atlas.cern.ch/repo/sw/software/21.0/sw/lcg/releases/gcc/6.2.0binutils/x86_64-slc6-gcc62-opt/bin/g++     -o CMakeFiles/cmTC_6304c.dir/CMakeCXXCompilerABI.cpp.o -c /cvmfs/atlas.cern.ch/repo/ATLASLocalRootBase/x86_64/Cmake/3.11.0/Linux-x86_64/share/cmake-3.11/Modules/CMakeCXXCompilerABI.cpp]
  ignore line: [Linking CXX executable cmTC_6304c]
  ignore line: [/cvmfs/atlas.cern.ch/repo/ATLASLocalRootBase/x86_64/Cmake/3.11.0/Linux-x86_64/bin/cmake -E cmake_link_script CMakeFiles/cmTC_6304c.dir/link.txt --verbose=1]
  ignore line: [/cvmfs/atlas.cern.ch/repo/sw/software/21.0/sw/lcg/releases/gcc/6.2.0binutils/x86_64-slc6-gcc62-opt/bin/g++      -v -rdynamic CMakeFiles/cmTC_6304c.dir/CMakeCXXCompilerABI.cpp.o  -o cmTC_6304c ]
  ignore line: [Using built-in specs.]
  ignore line: [COLLECT_GCC=/cvmfs/atlas.cern.ch/repo/sw/software/21.0/sw/lcg/releases/gcc/6.2.0binutils/x86_64-slc6-gcc62-opt/bin/g++]
  ignore line: [COLLECT_LTO_WRAPPER=/cvmfs/atlas.cern.ch/repo/sw/software/21.0/sw/lcg/releases/gcc/6.2binutils/x86_64-slc6-gcc62-opt/bin/../libexec/gcc/x86_64-pc-linux-gnu/6.2.0/lto-wrapper]
  ignore line: [Target: x86_64-pc-linux-gnu]
  ignore line: [Configured with: ../gcc-6.2.0/configure --prefix=/build/pmendez-sftnight/install-gcc620binutils -with-system-zlib --disable-multilib --enable-languages=all --with-gnu-ld --with-ld=/cvmfs/sft.cern.ch/lcg/contrib/bintuils/2.28/x86_64-slc6/bin/ld -with-gnu-as --with-gold=/cvmfs/sft.cern.ch/lcg/contrib/bintuils/2.28/x86_64-slc6/bin/ld.gold --with-as=/cvmfs/sft.cern.ch/lcg/contrib/bintuils/2.28/x86_64-slc6/bin/as --enable-gold --enable-ld]
  ignore line: [Thread model: posix]
  ignore line: [gcc version 6.2.0 (GCC) ]
  ignore line: [COMPILER_PATH=/cvmfs/atlas.cern.ch/repo/sw/software/21.0/sw/lcg/releases/gcc/6.2binutils/x86_64-slc6-gcc62-opt/bin/../libexec/gcc/x86_64-pc-linux-gnu/6.2.0/:/cvmfs/atlas.cern.ch/repo/sw/software/21.0/sw/lcg/releases/gcc/6.2binutils/x86_64-slc6-gcc62-opt/bin/../libexec/gcc/]
  ignore line: [LIBRARY_PATH=/cvmfs/atlas.cern.ch/repo/sw/software/21.0/sw/lcg/releases/gcc/6.2binutils/x86_64-slc6-gcc62-opt/bin/../lib/gcc/x86_64-pc-linux-gnu/6.2.0/:/cvmfs/atlas.cern.ch/repo/sw/software/21.0/sw/lcg/releases/gcc/6.2binutils/x86_64-slc6-gcc62-opt/bin/../lib/gcc/:/cvmfs/atlas.cern.ch/repo/sw/software/21.0/sw/lcg/releases/gcc/6.2binutils/x86_64-slc6-gcc62-opt/bin/../lib/gcc/x86_64-pc-linux-gnu/6.2.0/../../../../lib64/:/lib/../lib64/:/usr/lib/../lib64/:/cvmfs/atlas.cern.ch/repo/sw/software/21.0/sw/lcg/releases/gcc/6.2binutils/x86_64-slc6-gcc62-opt/bin/../lib/gcc/x86_64-pc-linux-gnu/6.2.0/../../../:/lib/:/usr/lib/]
  ignore line: [COLLECT_GCC_OPTIONS='-v' '-rdynamic' '-o' 'cmTC_6304c' '-shared-libgcc' '-mtune=generic' '-march=x86-64']
  link line: [ /cvmfs/atlas.cern.ch/repo/sw/software/21.0/sw/lcg/releases/gcc/6.2binutils/x86_64-slc6-gcc62-opt/bin/../libexec/gcc/x86_64-pc-linux-gnu/6.2.0/collect2 -plugin /cvmfs/atlas.cern.ch/repo/sw/software/21.0/sw/lcg/releases/gcc/6.2binutils/x86_64-slc6-gcc62-opt/bin/../libexec/gcc/x86_64-pc-linux-gnu/6.2.0/liblto_plugin.so -plugin-opt=/cvmfs/atlas.cern.ch/repo/sw/software/21.0/sw/lcg/releases/gcc/6.2binutils/x86_64-slc6-gcc62-opt/bin/../libexec/gcc/x86_64-pc-linux-gnu/6.2.0/lto-wrapper -plugin-opt=-fresolution=/tmp/ccpY9v1m.res -plugin-opt=-pass-through=-lgcc_s -plugin-opt=-pass-through=-lgcc -plugin-opt=-pass-through=-lc -plugin-opt=-pass-through=-lgcc_s -plugin-opt=-pass-through=-lgcc --eh-frame-hdr -m elf_x86_64 -export-dynamic -dynamic-linker /lib64/ld-linux-x86-64.so.2 -o cmTC_6304c /lib/../lib64/crt1.o /lib/../lib64/crti.o /cvmfs/atlas.cern.ch/repo/sw/software/21.0/sw/lcg/releases/gcc/6.2binutils/x86_64-slc6-gcc62-opt/bin/../lib/gcc/x86_64-pc-linux-gnu/6.2.0/crtbegin.o -L/cvmfs/atlas.cern.ch/repo/sw/software/21.0/sw/lcg/releases/gcc/6.2binutils/x86_64-slc6-gcc62-opt/bin/../lib/gcc/x86_64-pc-linux-gnu/6.2.0 -L/cvmfs/atlas.cern.ch/repo/sw/software/21.0/sw/lcg/releases/gcc/6.2binutils/x86_64-slc6-gcc62-opt/bin/../lib/gcc -L/cvmfs/atlas.cern.ch/repo/sw/software/21.0/sw/lcg/releases/gcc/6.2binutils/x86_64-slc6-gcc62-opt/bin/../lib/gcc/x86_64-pc-linux-gnu/6.2.0/../../../../lib64 -L/lib/../lib64 -L/usr/lib/../lib64 -L/cvmfs/atlas.cern.ch/repo/sw/software/21.0/sw/lcg/releases/gcc/6.2binutils/x86_64-slc6-gcc62-opt/bin/../lib/gcc/x86_64-pc-linux-gnu/6.2.0/../../.. CMakeFiles/cmTC_6304c.dir/CMakeCXXCompilerABI.cpp.o -lstdc++ -lm -lgcc_s -lgcc -lc -lgcc_s -lgcc /cvmfs/atlas.cern.ch/repo/sw/software/21.0/sw/lcg/releases/gcc/6.2binutils/x86_64-slc6-gcc62-opt/bin/../lib/gcc/x86_64-pc-linux-gnu/6.2.0/crtend.o /lib/../lib64/crtn.o]
    arg [/cvmfs/atlas.cern.ch/repo/sw/software/21.0/sw/lcg/releases/gcc/6.2binutils/x86_64-slc6-gcc62-opt/bin/../libexec/gcc/x86_64-pc-linux-gnu/6.2.0/collect2] ==> ignore
    arg [-plugin] ==> ignore
    arg [/cvmfs/atlas.cern.ch/repo/sw/software/21.0/sw/lcg/releases/gcc/6.2binutils/x86_64-slc6-gcc62-opt/bin/../libexec/gcc/x86_64-pc-linux-gnu/6.2.0/liblto_plugin.so] ==> ignore
    arg [-plugin-opt=/cvmfs/atlas.cern.ch/repo/sw/software/21.0/sw/lcg/releases/gcc/6.2binutils/x86_64-slc6-gcc62-opt/bin/../libexec/gcc/x86_64-pc-linux-gnu/6.2.0/lto-wrapper] ==> ignore
    arg [-plugin-opt=-fresolution=/tmp/ccpY9v1m.res] ==> ignore
    arg [-plugin-opt=-pass-through=-lgcc_s] ==> ignore
    arg [-plugin-opt=-pass-through=-lgcc] ==> ignore
    arg [-plugin-opt=-pass-through=-lc] ==> ignore
    arg [-plugin-opt=-pass-through=-lgcc_s] ==> ignore
    arg [-plugin-opt=-pass-through=-lgcc] ==> ignore
    arg [--eh-frame-hdr] ==> ignore
    arg [-m] ==> ignore
    arg [elf_x86_64] ==> ignore
    arg [-export-dynamic] ==> ignore
    arg [-dynamic-linker] ==> ignore
    arg [/lib64/ld-linux-x86-64.so.2] ==> ignore
    arg [-o] ==> ignore
    arg [cmTC_6304c] ==> ignore
    arg [/lib/../lib64/crt1.o] ==> ignore
    arg [/lib/../lib64/crti.o] ==> ignore
    arg [/cvmfs/atlas.cern.ch/repo/sw/software/21.0/sw/lcg/releases/gcc/6.2binutils/x86_64-slc6-gcc62-opt/bin/../lib/gcc/x86_64-pc-linux-gnu/6.2.0/crtbegin.o] ==> ignore
    arg [-L/cvmfs/atlas.cern.ch/repo/sw/software/21.0/sw/lcg/releases/gcc/6.2binutils/x86_64-slc6-gcc62-opt/bin/../lib/gcc/x86_64-pc-linux-gnu/6.2.0] ==> dir [/cvmfs/atlas.cern.ch/repo/sw/software/21.0/sw/lcg/releases/gcc/6.2binutils/x86_64-slc6-gcc62-opt/bin/../lib/gcc/x86_64-pc-linux-gnu/6.2.0]
    arg [-L/cvmfs/atlas.cern.ch/repo/sw/software/21.0/sw/lcg/releases/gcc/6.2binutils/x86_64-slc6-gcc62-opt/bin/../lib/gcc] ==> dir [/cvmfs/atlas.cern.ch/repo/sw/software/21.0/sw/lcg/releases/gcc/6.2binutils/x86_64-slc6-gcc62-opt/bin/../lib/gcc]
    arg [-L/cvmfs/atlas.cern.ch/repo/sw/software/21.0/sw/lcg/releases/gcc/6.2binutils/x86_64-slc6-gcc62-opt/bin/../lib/gcc/x86_64-pc-linux-gnu/6.2.0/../../../../lib64] ==> dir [/cvmfs/atlas.cern.ch/repo/sw/software/21.0/sw/lcg/releases/gcc/6.2binutils/x86_64-slc6-gcc62-opt/bin/../lib/gcc/x86_64-pc-linux-gnu/6.2.0/../../../../lib64]
    arg [-L/lib/../lib64] ==> dir [/lib/../lib64]
    arg [-L/usr/lib/../lib64] ==> dir [/usr/lib/../lib64]
    arg [-L/cvmfs/atlas.cern.ch/repo/sw/software/21.0/sw/lcg/releases/gcc/6.2binutils/x86_64-slc6-gcc62-opt/bin/../lib/gcc/x86_64-pc-linux-gnu/6.2.0/../../..] ==> dir [/cvmfs/atlas.cern.ch/repo/sw/software/21.0/sw/lcg/releases/gcc/6.2binutils/x86_64-slc6-gcc62-opt/bin/../lib/gcc/x86_64-pc-linux-gnu/6.2.0/../../..]
    arg [CMakeFiles/cmTC_6304c.dir/CMakeCXXCompilerABI.cpp.o] ==> ignore
    arg [-lstdc++] ==> lib [stdc++]
    arg [-lm] ==> lib [m]
    arg [-lgcc_s] ==> lib [gcc_s]
    arg [-lgcc] ==> lib [gcc]
    arg [-lc] ==> lib [c]
    arg [-lgcc_s] ==> lib [gcc_s]
    arg [-lgcc] ==> lib [gcc]
    arg [/cvmfs/atlas.cern.ch/repo/sw/software/21.0/sw/lcg/releases/gcc/6.2binutils/x86_64-slc6-gcc62-opt/bin/../lib/gcc/x86_64-pc-linux-gnu/6.2.0/crtend.o] ==> ignore
    arg [/lib/../lib64/crtn.o] ==> ignore
  collapse library dir [/cvmfs/atlas.cern.ch/repo/sw/software/21.0/sw/lcg/releases/gcc/6.2binutils/x86_64-slc6-gcc62-opt/bin/../lib/gcc/x86_64-pc-linux-gnu/6.2.0] ==> [/cvmfs/atlas.cern.ch/repo/sw/software/21.0/sw/lcg/releases/gcc/6.2binutils/x86_64-slc6-gcc62-opt/lib/gcc/x86_64-pc-linux-gnu/6.2.0]
  collapse library dir [/cvmfs/atlas.cern.ch/repo/sw/software/21.0/sw/lcg/releases/gcc/6.2binutils/x86_64-slc6-gcc62-opt/bin/../lib/gcc] ==> [/cvmfs/atlas.cern.ch/repo/sw/software/21.0/sw/lcg/releases/gcc/6.2binutils/x86_64-slc6-gcc62-opt/lib/gcc]
  collapse library dir [/cvmfs/atlas.cern.ch/repo/sw/software/21.0/sw/lcg/releases/gcc/6.2binutils/x86_64-slc6-gcc62-opt/bin/../lib/gcc/x86_64-pc-linux-gnu/6.2.0/../../../../lib64] ==> [/cvmfs/atlas.cern.ch/repo/sw/software/21.0/sw/lcg/releases/gcc/6.2binutils/x86_64-slc6-gcc62-opt/lib64]
  collapse library dir [/lib/../lib64] ==> [/lib64]
  collapse library dir [/usr/lib/../lib64] ==> [/usr/lib64]
  collapse library dir [/cvmfs/atlas.cern.ch/repo/sw/software/21.0/sw/lcg/releases/gcc/6.2binutils/x86_64-slc6-gcc62-opt/bin/../lib/gcc/x86_64-pc-linux-gnu/6.2.0/../../..] ==> [/cvmfs/atlas.cern.ch/repo/sw/software/21.0/sw/lcg/releases/gcc/6.2binutils/x86_64-slc6-gcc62-opt/lib]
  implicit libs: [stdc++;m;gcc_s;gcc;c;gcc_s;gcc]
  implicit dirs: [/cvmfs/atlas.cern.ch/repo/sw/software/21.0/sw/lcg/releases/gcc/6.2binutils/x86_64-slc6-gcc62-opt/lib/gcc/x86_64-pc-linux-gnu/6.2.0;/cvmfs/atlas.cern.ch/repo/sw/software/21.0/sw/lcg/releases/gcc/6.2binutils/x86_64-slc6-gcc62-opt/lib/gcc;/cvmfs/atlas.cern.ch/repo/sw/software/21.0/sw/lcg/releases/gcc/6.2binutils/x86_64-slc6-gcc62-opt/lib64;/lib64;/usr/lib64;/cvmfs/atlas.cern.ch/repo/sw/software/21.0/sw/lcg/releases/gcc/6.2binutils/x86_64-slc6-gcc62-opt/lib]
  implicit fwks: []




Detecting CXX [-std=c++1z] compiler features compiled with the following output:
Change Dir: /home/abes/tutorial2017/build/CMakeFiles/CMakeTmp

Run Build Command:"/usr/bin/gmake" "cmTC_48d85/fast"
/usr/bin/gmake -f CMakeFiles/cmTC_48d85.dir/build.make CMakeFiles/cmTC_48d85.dir/build
gmake[1]: Entering directory `/home/abes/tutorial2017/build/CMakeFiles/CMakeTmp'
Building CXX object CMakeFiles/cmTC_48d85.dir/feature_tests.cxx.o
/cvmfs/atlas.cern.ch/repo/sw/software/21.0/sw/lcg/releases/gcc/6.2.0binutils/x86_64-slc6-gcc62-opt/bin/g++    -std=c++1z -o CMakeFiles/cmTC_48d85.dir/feature_tests.cxx.o -c /home/abes/tutorial2017/build/CMakeFiles/feature_tests.cxx
Linking CXX executable cmTC_48d85
/cvmfs/atlas.cern.ch/repo/ATLASLocalRootBase/x86_64/Cmake/3.11.0/Linux-x86_64/bin/cmake -E cmake_link_script CMakeFiles/cmTC_48d85.dir/link.txt --verbose=1
/cvmfs/atlas.cern.ch/repo/sw/software/21.0/sw/lcg/releases/gcc/6.2.0binutils/x86_64-slc6-gcc62-opt/bin/g++       -rdynamic CMakeFiles/cmTC_48d85.dir/feature_tests.cxx.o  -o cmTC_48d85 
gmake[1]: Leaving directory `/home/abes/tutorial2017/build/CMakeFiles/CMakeTmp'


    Feature record: CXX_FEATURE:1cxx_aggregate_default_initializers
    Feature record: CXX_FEATURE:1cxx_alias_templates
    Feature record: CXX_FEATURE:1cxx_alignas
    Feature record: CXX_FEATURE:1cxx_alignof
    Feature record: CXX_FEATURE:1cxx_attributes
    Feature record: CXX_FEATURE:1cxx_attribute_deprecated
    Feature record: CXX_FEATURE:1cxx_auto_type
    Feature record: CXX_FEATURE:1cxx_binary_literals
    Feature record: CXX_FEATURE:1cxx_constexpr
    Feature record: CXX_FEATURE:1cxx_contextual_conversions
    Feature record: CXX_FEATURE:1cxx_decltype
    Feature record: CXX_FEATURE:1cxx_decltype_auto
    Feature record: CXX_FEATURE:1cxx_decltype_incomplete_return_types
    Feature record: CXX_FEATURE:1cxx_default_function_template_args
    Feature record: CXX_FEATURE:1cxx_defaulted_functions
    Feature record: CXX_FEATURE:1cxx_defaulted_move_initializers
    Feature record: CXX_FEATURE:1cxx_delegating_constructors
    Feature record: CXX_FEATURE:1cxx_deleted_functions
    Feature record: CXX_FEATURE:1cxx_digit_separators
    Feature record: CXX_FEATURE:1cxx_enum_forward_declarations
    Feature record: CXX_FEATURE:1cxx_explicit_conversions
    Feature record: CXX_FEATURE:1cxx_extended_friend_declarations
    Feature record: CXX_FEATURE:1cxx_extern_templates
    Feature record: CXX_FEATURE:1cxx_final
    Feature record: CXX_FEATURE:1cxx_func_identifier
    Feature record: CXX_FEATURE:1cxx_generalized_initializers
    Feature record: CXX_FEATURE:1cxx_generic_lambdas
    Feature record: CXX_FEATURE:1cxx_inheriting_constructors
    Feature record: CXX_FEATURE:1cxx_inline_namespaces
    Feature record: CXX_FEATURE:1cxx_lambdas
    Feature record: CXX_FEATURE:1cxx_lambda_init_captures
    Feature record: CXX_FEATURE:1cxx_local_type_template_args
    Feature record: CXX_FEATURE:1cxx_long_long_type
    Feature record: CXX_FEATURE:1cxx_noexcept
    Feature record: CXX_FEATURE:1cxx_nonstatic_member_init
    Feature record: CXX_FEATURE:1cxx_nullptr
    Feature record: CXX_FEATURE:1cxx_override
    Feature record: CXX_FEATURE:1cxx_range_for
    Feature record: CXX_FEATURE:1cxx_raw_string_literals
    Feature record: CXX_FEATURE:1cxx_reference_qualified_functions
    Feature record: CXX_FEATURE:1cxx_relaxed_constexpr
    Feature record: CXX_FEATURE:1cxx_return_type_deduction
    Feature record: CXX_FEATURE:1cxx_right_angle_brackets
    Feature record: CXX_FEATURE:1cxx_rvalue_references
    Feature record: CXX_FEATURE:1cxx_sizeof_member
    Feature record: CXX_FEATURE:1cxx_static_assert
    Feature record: CXX_FEATURE:1cxx_strong_enums
    Feature record: CXX_FEATURE:1cxx_template_template_parameters
    Feature record: CXX_FEATURE:1cxx_thread_local
    Feature record: CXX_FEATURE:1cxx_trailing_return_types
    Feature record: CXX_FEATURE:1cxx_unicode_literals
    Feature record: CXX_FEATURE:1cxx_uniform_initialization
    Feature record: CXX_FEATURE:1cxx_unrestricted_unions
    Feature record: CXX_FEATURE:1cxx_user_literals
    Feature record: CXX_FEATURE:1cxx_variable_templates
    Feature record: CXX_FEATURE:1cxx_variadic_macros
    Feature record: CXX_FEATURE:1cxx_variadic_templates


Detecting CXX [-std=c++14] compiler features compiled with the following output:
Change Dir: /home/abes/tutorial2017/build/CMakeFiles/CMakeTmp

Run Build Command:"/usr/bin/gmake" "cmTC_fb733/fast"
/usr/bin/gmake -f CMakeFiles/cmTC_fb733.dir/build.make CMakeFiles/cmTC_fb733.dir/build
gmake[1]: Entering directory `/home/abes/tutorial2017/build/CMakeFiles/CMakeTmp'
Building CXX object CMakeFiles/cmTC_fb733.dir/feature_tests.cxx.o
/cvmfs/atlas.cern.ch/repo/sw/software/21.0/sw/lcg/releases/gcc/6.2.0binutils/x86_64-slc6-gcc62-opt/bin/g++    -std=c++14 -o CMakeFiles/cmTC_fb733.dir/feature_tests.cxx.o -c /home/abes/tutorial2017/build/CMakeFiles/feature_tests.cxx
Linking CXX executable cmTC_fb733
/cvmfs/atlas.cern.ch/repo/ATLASLocalRootBase/x86_64/Cmake/3.11.0/Linux-x86_64/bin/cmake -E cmake_link_script CMakeFiles/cmTC_fb733.dir/link.txt --verbose=1
/cvmfs/atlas.cern.ch/repo/sw/software/21.0/sw/lcg/releases/gcc/6.2.0binutils/x86_64-slc6-gcc62-opt/bin/g++       -rdynamic CMakeFiles/cmTC_fb733.dir/feature_tests.cxx.o  -o cmTC_fb733 
gmake[1]: Leaving directory `/home/abes/tutorial2017/build/CMakeFiles/CMakeTmp'


    Feature record: CXX_FEATURE:1cxx_aggregate_default_initializers
    Feature record: CXX_FEATURE:1cxx_alias_templates
    Feature record: CXX_FEATURE:1cxx_alignas
    Feature record: CXX_FEATURE:1cxx_alignof
    Feature record: CXX_FEATURE:1cxx_attributes
    Feature record: CXX_FEATURE:1cxx_attribute_deprecated
    Feature record: CXX_FEATURE:1cxx_auto_type
    Feature record: CXX_FEATURE:1cxx_binary_literals
    Feature record: CXX_FEATURE:1cxx_constexpr
    Feature record: CXX_FEATURE:1cxx_contextual_conversions
    Feature record: CXX_FEATURE:1cxx_decltype
    Feature record: CXX_FEATURE:1cxx_decltype_auto
    Feature record: CXX_FEATURE:1cxx_decltype_incomplete_return_types
    Feature record: CXX_FEATURE:1cxx_default_function_template_args
    Feature record: CXX_FEATURE:1cxx_defaulted_functions
    Feature record: CXX_FEATURE:1cxx_defaulted_move_initializers
    Feature record: CXX_FEATURE:1cxx_delegating_constructors
    Feature record: CXX_FEATURE:1cxx_deleted_functions
    Feature record: CXX_FEATURE:1cxx_digit_separators
    Feature record: CXX_FEATURE:1cxx_enum_forward_declarations
    Feature record: CXX_FEATURE:1cxx_explicit_conversions
    Feature record: CXX_FEATURE:1cxx_extended_friend_declarations
    Feature record: CXX_FEATURE:1cxx_extern_templates
    Feature record: CXX_FEATURE:1cxx_final
    Feature record: CXX_FEATURE:1cxx_func_identifier
    Feature record: CXX_FEATURE:1cxx_generalized_initializers
    Feature record: CXX_FEATURE:1cxx_generic_lambdas
    Feature record: CXX_FEATURE:1cxx_inheriting_constructors
    Feature record: CXX_FEATURE:1cxx_inline_namespaces
    Feature record: CXX_FEATURE:1cxx_lambdas
    Feature record: CXX_FEATURE:1cxx_lambda_init_captures
    Feature record: CXX_FEATURE:1cxx_local_type_template_args
    Feature record: CXX_FEATURE:1cxx_long_long_type
    Feature record: CXX_FEATURE:1cxx_noexcept
    Feature record: CXX_FEATURE:1cxx_nonstatic_member_init
    Feature record: CXX_FEATURE:1cxx_nullptr
    Feature record: CXX_FEATURE:1cxx_override
    Feature record: CXX_FEATURE:1cxx_range_for
    Feature record: CXX_FEATURE:1cxx_raw_string_literals
    Feature record: CXX_FEATURE:1cxx_reference_qualified_functions
    Feature record: CXX_FEATURE:1cxx_relaxed_constexpr
    Feature record: CXX_FEATURE:1cxx_return_type_deduction
    Feature record: CXX_FEATURE:1cxx_right_angle_brackets
    Feature record: CXX_FEATURE:1cxx_rvalue_references
    Feature record: CXX_FEATURE:1cxx_sizeof_member
    Feature record: CXX_FEATURE:1cxx_static_assert
    Feature record: CXX_FEATURE:1cxx_strong_enums
    Feature record: CXX_FEATURE:1cxx_template_template_parameters
    Feature record: CXX_FEATURE:1cxx_thread_local
    Feature record: CXX_FEATURE:1cxx_trailing_return_types
    Feature record: CXX_FEATURE:1cxx_unicode_literals
    Feature record: CXX_FEATURE:1cxx_uniform_initialization
    Feature record: CXX_FEATURE:1cxx_unrestricted_unions
    Feature record: CXX_FEATURE:1cxx_user_literals
    Feature record: CXX_FEATURE:1cxx_variable_templates
    Feature record: CXX_FEATURE:1cxx_variadic_macros
    Feature record: CXX_FEATURE:1cxx_variadic_templates


Detecting CXX [-std=c++11] compiler features compiled with the following output:
Change Dir: /home/abes/tutorial2017/build/CMakeFiles/CMakeTmp

Run Build Command:"/usr/bin/gmake" "cmTC_f2b0f/fast"
/usr/bin/gmake -f CMakeFiles/cmTC_f2b0f.dir/build.make CMakeFiles/cmTC_f2b0f.dir/build
gmake[1]: Entering directory `/home/abes/tutorial2017/build/CMakeFiles/CMakeTmp'
Building CXX object CMakeFiles/cmTC_f2b0f.dir/feature_tests.cxx.o
/cvmfs/atlas.cern.ch/repo/sw/software/21.0/sw/lcg/releases/gcc/6.2.0binutils/x86_64-slc6-gcc62-opt/bin/g++    -std=c++11 -o CMakeFiles/cmTC_f2b0f.dir/feature_tests.cxx.o -c /home/abes/tutorial2017/build/CMakeFiles/feature_tests.cxx
Linking CXX executable cmTC_f2b0f
/cvmfs/atlas.cern.ch/repo/ATLASLocalRootBase/x86_64/Cmake/3.11.0/Linux-x86_64/bin/cmake -E cmake_link_script CMakeFiles/cmTC_f2b0f.dir/link.txt --verbose=1
/cvmfs/atlas.cern.ch/repo/sw/software/21.0/sw/lcg/releases/gcc/6.2.0binutils/x86_64-slc6-gcc62-opt/bin/g++       -rdynamic CMakeFiles/cmTC_f2b0f.dir/feature_tests.cxx.o  -o cmTC_f2b0f 
gmake[1]: Leaving directory `/home/abes/tutorial2017/build/CMakeFiles/CMakeTmp'


    Feature record: CXX_FEATURE:0cxx_aggregate_default_initializers
    Feature record: CXX_FEATURE:1cxx_alias_templates
    Feature record: CXX_FEATURE:1cxx_alignas
    Feature record: CXX_FEATURE:1cxx_alignof
    Feature record: CXX_FEATURE:1cxx_attributes
    Feature record: CXX_FEATURE:0cxx_attribute_deprecated
    Feature record: CXX_FEATURE:1cxx_auto_type
    Feature record: CXX_FEATURE:0cxx_binary_literals
    Feature record: CXX_FEATURE:1cxx_constexpr
    Feature record: CXX_FEATURE:0cxx_contextual_conversions
    Feature record: CXX_FEATURE:1cxx_decltype
    Feature record: CXX_FEATURE:0cxx_decltype_auto
    Feature record: CXX_FEATURE:1cxx_decltype_incomplete_return_types
    Feature record: CXX_FEATURE:1cxx_default_function_template_args
    Feature record: CXX_FEATURE:1cxx_defaulted_functions
    Feature record: CXX_FEATURE:1cxx_defaulted_move_initializers
    Feature record: CXX_FEATURE:1cxx_delegating_constructors
    Feature record: CXX_FEATURE:1cxx_deleted_functions
    Feature record: CXX_FEATURE:0cxx_digit_separators
    Feature record: CXX_FEATURE:1cxx_enum_forward_declarations
    Feature record: CXX_FEATURE:1cxx_explicit_conversions
    Feature record: CXX_FEATURE:1cxx_extended_friend_declarations
    Feature record: CXX_FEATURE:1cxx_extern_templates
    Feature record: CXX_FEATURE:1cxx_final
    Feature record: CXX_FEATURE:1cxx_func_identifier
    Feature record: CXX_FEATURE:1cxx_generalized_initializers
    Feature record: CXX_FEATURE:0cxx_generic_lambdas
    Feature record: CXX_FEATURE:1cxx_inheriting_constructors
    Feature record: CXX_FEATURE:1cxx_inline_namespaces
    Feature record: CXX_FEATURE:1cxx_lambdas
    Feature record: CXX_FEATURE:0cxx_lambda_init_captures
    Feature record: CXX_FEATURE:1cxx_local_type_template_args
    Feature record: CXX_FEATURE:1cxx_long_long_type
    Feature record: CXX_FEATURE:1cxx_noexcept
    Feature record: CXX_FEATURE:1cxx_nonstatic_member_init
    Feature record: CXX_FEATURE:1cxx_nullptr
    Feature record: CXX_FEATURE:1cxx_override
    Feature record: CXX_FEATURE:1cxx_range_for
    Feature record: CXX_FEATURE:1cxx_raw_string_literals
    Feature record: CXX_FEATURE:1cxx_reference_qualified_functions
    Feature record: CXX_FEATURE:0cxx_relaxed_constexpr
    Feature record: CXX_FEATURE:0cxx_return_type_deduction
    Feature record: CXX_FEATURE:1cxx_right_angle_brackets
    Feature record: CXX_FEATURE:1cxx_rvalue_references
    Feature record: CXX_FEATURE:1cxx_sizeof_member
    Feature record: CXX_FEATURE:1cxx_static_assert
    Feature record: CXX_FEATURE:1cxx_strong_enums
    Feature record: CXX_FEATURE:1cxx_template_template_parameters
    Feature record: CXX_FEATURE:1cxx_thread_local
    Feature record: CXX_FEATURE:1cxx_trailing_return_types
    Feature record: CXX_FEATURE:1cxx_unicode_literals
    Feature record: CXX_FEATURE:1cxx_uniform_initialization
    Feature record: CXX_FEATURE:1cxx_unrestricted_unions
    Feature record: CXX_FEATURE:1cxx_user_literals
    Feature record: CXX_FEATURE:0cxx_variable_templates
    Feature record: CXX_FEATURE:1cxx_variadic_macros
    Feature record: CXX_FEATURE:1cxx_variadic_templates


Detecting CXX [-std=c++98] compiler features compiled with the following output:
Change Dir: /home/abes/tutorial2017/build/CMakeFiles/CMakeTmp

Run Build Command:"/usr/bin/gmake" "cmTC_7def6/fast"
/usr/bin/gmake -f CMakeFiles/cmTC_7def6.dir/build.make CMakeFiles/cmTC_7def6.dir/build
gmake[1]: Entering directory `/home/abes/tutorial2017/build/CMakeFiles/CMakeTmp'
Building CXX object CMakeFiles/cmTC_7def6.dir/feature_tests.cxx.o
/cvmfs/atlas.cern.ch/repo/sw/software/21.0/sw/lcg/releases/gcc/6.2.0binutils/x86_64-slc6-gcc62-opt/bin/g++    -std=c++98 -o CMakeFiles/cmTC_7def6.dir/feature_tests.cxx.o -c /home/abes/tutorial2017/build/CMakeFiles/feature_tests.cxx
Linking CXX executable cmTC_7def6
/cvmfs/atlas.cern.ch/repo/ATLASLocalRootBase/x86_64/Cmake/3.11.0/Linux-x86_64/bin/cmake -E cmake_link_script CMakeFiles/cmTC_7def6.dir/link.txt --verbose=1
/cvmfs/atlas.cern.ch/repo/sw/software/21.0/sw/lcg/releases/gcc/6.2.0binutils/x86_64-slc6-gcc62-opt/bin/g++       -rdynamic CMakeFiles/cmTC_7def6.dir/feature_tests.cxx.o  -o cmTC_7def6 
gmake[1]: Leaving directory `/home/abes/tutorial2017/build/CMakeFiles/CMakeTmp'


    Feature record: CXX_FEATURE:0cxx_aggregate_default_initializers
    Feature record: CXX_FEATURE:0cxx_alias_templates
    Feature record: CXX_FEATURE:0cxx_alignas
    Feature record: CXX_FEATURE:0cxx_alignof
    Feature record: CXX_FEATURE:0cxx_attributes
    Feature record: CXX_FEATURE:0cxx_attribute_deprecated
    Feature record: CXX_FEATURE:0cxx_auto_type
    Feature record: CXX_FEATURE:0cxx_binary_literals
    Feature record: CXX_FEATURE:0cxx_constexpr
    Feature record: CXX_FEATURE:0cxx_contextual_conversions
    Feature record: CXX_FEATURE:0cxx_decltype
    Feature record: CXX_FEATURE:0cxx_decltype_auto
    Feature record: CXX_FEATURE:0cxx_decltype_incomplete_return_types
    Feature record: CXX_FEATURE:0cxx_default_function_template_args
    Feature record: CXX_FEATURE:0cxx_defaulted_functions
    Feature record: CXX_FEATURE:0cxx_defaulted_move_initializers
    Feature record: CXX_FEATURE:0cxx_delegating_constructors
    Feature record: CXX_FEATURE:0cxx_deleted_functions
    Feature record: CXX_FEATURE:0cxx_digit_separators
    Feature record: CXX_FEATURE:0cxx_enum_forward_declarations
    Feature record: CXX_FEATURE:0cxx_explicit_conversions
    Feature record: CXX_FEATURE:0cxx_extended_friend_declarations
    Feature record: CXX_FEATURE:0cxx_extern_templates
    Feature record: CXX_FEATURE:0cxx_final
    Feature record: CXX_FEATURE:0cxx_func_identifier
    Feature record: CXX_FEATURE:0cxx_generalized_initializers
    Feature record: CXX_FEATURE:0cxx_generic_lambdas
    Feature record: CXX_FEATURE:0cxx_inheriting_constructors
    Feature record: CXX_FEATURE:0cxx_inline_namespaces
    Feature record: CXX_FEATURE:0cxx_lambdas
    Feature record: CXX_FEATURE:0cxx_lambda_init_captures
    Feature record: CXX_FEATURE:0cxx_local_type_template_args
    Feature record: CXX_FEATURE:0cxx_long_long_type
    Feature record: CXX_FEATURE:0cxx_noexcept
    Feature record: CXX_FEATURE:0cxx_nonstatic_member_init
    Feature record: CXX_FEATURE:0cxx_nullptr
    Feature record: CXX_FEATURE:0cxx_override
    Feature record: CXX_FEATURE:0cxx_range_for
    Feature record: CXX_FEATURE:0cxx_raw_string_literals
    Feature record: CXX_FEATURE:0cxx_reference_qualified_functions
    Feature record: CXX_FEATURE:0cxx_relaxed_constexpr
    Feature record: CXX_FEATURE:0cxx_return_type_deduction
    Feature record: CXX_FEATURE:0cxx_right_angle_brackets
    Feature record: CXX_FEATURE:0cxx_rvalue_references
    Feature record: CXX_FEATURE:0cxx_sizeof_member
    Feature record: CXX_FEATURE:0cxx_static_assert
    Feature record: CXX_FEATURE:0cxx_strong_enums
    Feature record: CXX_FEATURE:1cxx_template_template_parameters
    Feature record: CXX_FEATURE:0cxx_thread_local
    Feature record: CXX_FEATURE:0cxx_trailing_return_types
    Feature record: CXX_FEATURE:0cxx_unicode_literals
    Feature record: CXX_FEATURE:0cxx_uniform_initialization
    Feature record: CXX_FEATURE:0cxx_unrestricted_unions
    Feature record: CXX_FEATURE:0cxx_user_literals
    Feature record: CXX_FEATURE:0cxx_variable_templates
    Feature record: CXX_FEATURE:0cxx_variadic_macros
    Feature record: CXX_FEATURE:0cxx_variadic_templates
Determining if the include file pthread.h exists passed with the following output:
Change Dir: /home/abes/tutorial2017/build/CMakeFiles/CMakeTmp

Run Build Command:"/usr/bin/gmake" "cmTC_45b13/fast"
/usr/bin/gmake -f CMakeFiles/cmTC_45b13.dir/build.make CMakeFiles/cmTC_45b13.dir/build
gmake[1]: Entering directory `/home/abes/tutorial2017/build/CMakeFiles/CMakeTmp'
Building C object CMakeFiles/cmTC_45b13.dir/CheckIncludeFile.c.o
/cvmfs/atlas.cern.ch/repo/sw/software/21.0/sw/lcg/releases/gcc/6.2.0binutils/x86_64-slc6-gcc62-opt/bin/gcc    -o CMakeFiles/cmTC_45b13.dir/CheckIncludeFile.c.o   -c /home/abes/tutorial2017/build/CMakeFiles/CMakeTmp/CheckIncludeFile.c
Linking C executable cmTC_45b13
/cvmfs/atlas.cern.ch/repo/ATLASLocalRootBase/x86_64/Cmake/3.11.0/Linux-x86_64/bin/cmake -E cmake_link_script CMakeFiles/cmTC_45b13.dir/link.txt --verbose=1
/cvmfs/atlas.cern.ch/repo/sw/software/21.0/sw/lcg/releases/gcc/6.2.0binutils/x86_64-slc6-gcc62-opt/bin/gcc     -Wl,--as-needed -Wl,--hash-style=both  -rdynamic CMakeFiles/cmTC_45b13.dir/CheckIncludeFile.c.o  -o cmTC_45b13 
gmake[1]: Leaving directory `/home/abes/tutorial2017/build/CMakeFiles/CMakeTmp'


Determining if the function pthread_create exists in the pthread passed with the following output:
Change Dir: /home/abes/tutorial2017/build/CMakeFiles/CMakeTmp

Run Build Command:"/usr/bin/gmake" "cmTC_76933/fast"
/usr/bin/gmake -f CMakeFiles/cmTC_76933.dir/build.make CMakeFiles/cmTC_76933.dir/build
gmake[1]: Entering directory `/home/abes/tutorial2017/build/CMakeFiles/CMakeTmp'
Building C object CMakeFiles/cmTC_76933.dir/CheckFunctionExists.c.o
/cvmfs/atlas.cern.ch/repo/sw/software/21.0/sw/lcg/releases/gcc/6.2.0binutils/x86_64-slc6-gcc62-opt/bin/gcc   -DCHECK_FUNCTION_EXISTS=pthread_create   -o CMakeFiles/cmTC_76933.dir/CheckFunctionExists.c.o   -c /cvmfs/atlas.cern.ch/repo/ATLASLocalRootBase/x86_64/Cmake/3.11.0/Linux-x86_64/share/cmake-3.11/Modules/CheckFunctionExists.c
Linking C executable cmTC_76933
/cvmfs/atlas.cern.ch/repo/ATLASLocalRootBase/x86_64/Cmake/3.11.0/Linux-x86_64/bin/cmake -E cmake_link_script CMakeFiles/cmTC_76933.dir/link.txt --verbose=1
/cvmfs/atlas.cern.ch/repo/sw/software/21.0/sw/lcg/releases/gcc/6.2.0binutils/x86_64-slc6-gcc62-opt/bin/gcc  -DCHECK_FUNCTION_EXISTS=pthread_create   -Wl,--as-needed -Wl,--hash-style=both  -rdynamic CMakeFiles/cmTC_76933.dir/CheckFunctionExists.c.o  -o cmTC_76933 -lpthread 
gmake[1]: Leaving directory `/home/abes/tutorial2017/build/CMakeFiles/CMakeTmp'


Compiling the Fortran compiler identification source file "CMakeFortranCompilerId.F" succeeded.
Compiler: /cvmfs/atlas.cern.ch/repo/sw/software/21.0/sw/lcg/releases/gcc/6.2.0binutils/x86_64-slc6-gcc62-opt/bin/gfortran 
Build flags: ;-ffixed-line-length-132;-DFVOIDP=INTEGER*8
Id flags: -v 

The output was:
0
Driving: /cvmfs/atlas.cern.ch/repo/sw/software/21.0/sw/lcg/releases/gcc/6.2.0binutils/x86_64-slc6-gcc62-opt/bin/gfortran -ffixed-line-length-132 -DFVOIDP=INTEGER*8 -v CMakeFortranCompilerId.F -l gfortran -l m -shared-libgcc
Using built-in specs.
COLLECT_GCC=/cvmfs/atlas.cern.ch/repo/sw/software/21.0/sw/lcg/releases/gcc/6.2.0binutils/x86_64-slc6-gcc62-opt/bin/gfortran
COLLECT_LTO_WRAPPER=/cvmfs/atlas.cern.ch/repo/sw/software/21.0/sw/lcg/releases/gcc/6.2binutils/x86_64-slc6-gcc62-opt/bin/../libexec/gcc/x86_64-pc-linux-gnu/6.2.0/lto-wrapper
Target: x86_64-pc-linux-gnu
Configured with: ../gcc-6.2.0/configure --prefix=/build/pmendez-sftnight/install-gcc620binutils -with-system-zlib --disable-multilib --enable-languages=all --with-gnu-ld --with-ld=/cvmfs/sft.cern.ch/lcg/contrib/bintuils/2.28/x86_64-slc6/bin/ld -with-gnu-as --with-gold=/cvmfs/sft.cern.ch/lcg/contrib/bintuils/2.28/x86_64-slc6/bin/ld.gold --with-as=/cvmfs/sft.cern.ch/lcg/contrib/bintuils/2.28/x86_64-slc6/bin/as --enable-gold --enable-ld
Thread model: posix
gcc version 6.2.0 (GCC) 
COLLECT_GCC_OPTIONS='-ffixed-line-length-132' '-D' 'FVOIDP=INTEGER*8' '-v' '-shared-libgcc' '-mtune=generic' '-march=x86-64'
 /cvmfs/atlas.cern.ch/repo/sw/software/21.0/sw/lcg/releases/gcc/6.2binutils/x86_64-slc6-gcc62-opt/bin/../libexec/gcc/x86_64-pc-linux-gnu/6.2.0/f951 CMakeFortranCompilerId.F -ffixed-form -cpp=/tmp/cc7gFUfm.f90 -quiet -v -iprefix /cvmfs/atlas.cern.ch/repo/sw/software/21.0/sw/lcg/releases/gcc/6.2binutils/x86_64-slc6-gcc62-opt/bin/../lib/gcc/x86_64-pc-linux-gnu/6.2.0/ -D FVOIDP=INTEGER*8 CMakeFortranCompilerId.F -quiet -dumpbase CMakeFortranCompilerId.F -mtune=generic -march=x86-64 -auxbase CMakeFortranCompilerId -version -ffixed-line-length-132 -fintrinsic-modules-path /cvmfs/atlas.cern.ch/repo/sw/software/21.0/sw/lcg/releases/gcc/6.2binutils/x86_64-slc6-gcc62-opt/bin/../lib/gcc/x86_64-pc-linux-gnu/6.2.0/finclude -o /tmp/cc0K7kdz.s
GNU Fortran (GCC) version 6.2.0 (x86_64-pc-linux-gnu)
	compiled by GNU C version 6.2.0, GMP version 4.3.2, MPFR version 2.4.2, MPC version 0.8.1, isl version 0.15
GGC heuristics: --param ggc-min-expand=100 --param ggc-min-heapsize=131072
ignoring nonexistent directory "/cvmfs/atlas.cern.ch/repo/sw/software/21.0/sw/lcg/releases/gcc/6.2binutils/x86_64-slc6-gcc62-opt/bin/../lib/gcc/x86_64-pc-linux-gnu/6.2.0/../../../../x86_64-pc-linux-gnu/include"
ignoring duplicate directory "/cvmfs/atlas.cern.ch/repo/sw/software/21.0/sw/lcg/releases/gcc/6.2binutils/x86_64-slc6-gcc62-opt/bin/../lib/gcc/../../lib/gcc/x86_64-pc-linux-gnu/6.2.0/include"
ignoring duplicate directory "/cvmfs/atlas.cern.ch/repo/sw/software/21.0/sw/lcg/releases/gcc/6.2binutils/x86_64-slc6-gcc62-opt/bin/../lib/gcc/../../lib/gcc/x86_64-pc-linux-gnu/6.2.0/include-fixed"
ignoring nonexistent directory "/cvmfs/atlas.cern.ch/repo/sw/software/21.0/sw/lcg/releases/gcc/6.2binutils/x86_64-slc6-gcc62-opt/bin/../lib/gcc/../../lib/gcc/x86_64-pc-linux-gnu/6.2.0/../../../../x86_64-pc-linux-gnu/include"
#include "..." search starts here:
#include <...> search starts here:
 /cvmfs/atlas.cern.ch/repo/sw/software/21.0/sw/lcg/releases/gcc/6.2binutils/x86_64-slc6-gcc62-opt/bin/../lib/gcc/x86_64-pc-linux-gnu/6.2.0/finclude
 /cvmfs/atlas.cern.ch/repo/sw/software/21.0/sw/lcg/releases/gcc/6.2binutils/x86_64-slc6-gcc62-opt/bin/../lib/gcc/x86_64-pc-linux-gnu/6.2.0/include
 /cvmfs/atlas.cern.ch/repo/sw/software/21.0/sw/lcg/releases/gcc/6.2binutils/x86_64-slc6-gcc62-opt/bin/../lib/gcc/x86_64-pc-linux-gnu/6.2.0/include-fixed
 /usr/local/include
 /cvmfs/atlas.cern.ch/repo/sw/software/21.0/sw/lcg/releases/gcc/6.2binutils/x86_64-slc6-gcc62-opt/bin/../lib/gcc/../../include
 /usr/include
End of search list.
GNU Fortran2008 (GCC) version 6.2.0 (x86_64-pc-linux-gnu)
	compiled by GNU C version 6.2.0, GMP version 4.3.2, MPFR version 2.4.2, MPC version 0.8.1, isl version 0.15
GGC heuristics: --param ggc-min-expand=100 --param ggc-min-heapsize=131072
COLLECT_GCC_OPTIONS='-ffixed-line-length-132' '-D' 'FVOIDP=INTEGER*8' '-v' '-shared-libgcc' '-mtune=generic' '-march=x86-64'
 /cvmfs/sft.cern.ch/lcg/contrib/bintuils/2.28/x86_64-slc6/bin/as -v --64 -o /tmp/ccxZGqnM.o /tmp/cc0K7kdz.s
GNU assembler version 2.28 (x86_64-pc-linux-gnu) using BFD version (GNU Binutils) 2.28
Reading specs from /cvmfs/atlas.cern.ch/repo/sw/software/21.0/sw/lcg/releases/gcc/6.2binutils/x86_64-slc6-gcc62-opt/bin/../lib/gcc/x86_64-pc-linux-gnu/6.2.0/../../../../lib64/libgfortran.spec
rename spec lib to liborig
COLLECT_GCC_OPTIONS='-ffixed-line-length-132' '-D' 'FVOIDP=INTEGER*8' '-v' '-shared-libgcc' '-mtune=generic' '-march=x86-64'
COMPILER_PATH=/cvmfs/atlas.cern.ch/repo/sw/software/21.0/sw/lcg/releases/gcc/6.2binutils/x86_64-slc6-gcc62-opt/bin/../libexec/gcc/x86_64-pc-linux-gnu/6.2.0/:/cvmfs/atlas.cern.ch/repo/sw/software/21.0/sw/lcg/releases/gcc/6.2binutils/x86_64-slc6-gcc62-opt/bin/../libexec/gcc/
LIBRARY_PATH=/cvmfs/atlas.cern.ch/repo/sw/software/21.0/sw/lcg/releases/gcc/6.2binutils/x86_64-slc6-gcc62-opt/bin/../lib/gcc/x86_64-pc-linux-gnu/6.2.0/:/cvmfs/atlas.cern.ch/repo/sw/software/21.0/sw/lcg/releases/gcc/6.2binutils/x86_64-slc6-gcc62-opt/bin/../lib/gcc/:/cvmfs/atlas.cern.ch/repo/sw/software/21.0/sw/lcg/releases/gcc/6.2binutils/x86_64-slc6-gcc62-opt/bin/../lib/gcc/x86_64-pc-linux-gnu/6.2.0/../../../../lib64/:/lib/../lib64/:/usr/lib/../lib64/:/cvmfs/atlas.cern.ch/repo/sw/software/21.0/sw/lcg/releases/gcc/6.2binutils/x86_64-slc6-gcc62-opt/bin/../lib/gcc/x86_64-pc-linux-gnu/6.2.0/../../../:/lib/:/usr/lib/
COLLECT_GCC_OPTIONS='-ffixed-line-length-132' '-D' 'FVOIDP=INTEGER*8' '-v' '-shared-libgcc' '-mtune=generic' '-march=x86-64'
 /cvmfs/atlas.cern.ch/repo/sw/software/21.0/sw/lcg/releases/gcc/6.2binutils/x86_64-slc6-gcc62-opt/bin/../libexec/gcc/x86_64-pc-linux-gnu/6.2.0/collect2 -plugin /cvmfs/atlas.cern.ch/repo/sw/software/21.0/sw/lcg/releases/gcc/6.2binutils/x86_64-slc6-gcc62-opt/bin/../libexec/gcc/x86_64-pc-linux-gnu/6.2.0/liblto_plugin.so -plugin-opt=/cvmfs/atlas.cern.ch/repo/sw/software/21.0/sw/lcg/releases/gcc/6.2binutils/x86_64-slc6-gcc62-opt/bin/../libexec/gcc/x86_64-pc-linux-gnu/6.2.0/lto-wrapper -plugin-opt=-fresolution=/tmp/ccEXppBZ.res -plugin-opt=-pass-through=-lgcc_s -plugin-opt=-pass-through=-lgcc -plugin-opt=-pass-through=-lquadmath -plugin-opt=-pass-through=-lm -plugin-opt=-pass-through=-lgcc_s -plugin-opt=-pass-through=-lgcc -plugin-opt=-pass-through=-lc -plugin-opt=-pass-through=-lgcc_s -plugin-opt=-pass-through=-lgcc --eh-frame-hdr -m elf_x86_64 -dynamic-linker /lib64/ld-linux-x86-64.so.2 /lib/../lib64/crt1.o /lib/../lib64/crti.o /cvmfs/atlas.cern.ch/repo/sw/software/21.0/sw/lcg/releases/gcc/6.2binutils/x86_64-slc6-gcc62-opt/bin/../lib/gcc/x86_64-pc-linux-gnu/6.2.0/crtbegin.o -L/cvmfs/atlas.cern.ch/repo/sw/software/21.0/sw/lcg/releases/gcc/6.2binutils/x86_64-slc6-gcc62-opt/bin/../lib/gcc/x86_64-pc-linux-gnu/6.2.0 -L/cvmfs/atlas.cern.ch/repo/sw/software/21.0/sw/lcg/releases/gcc/6.2binutils/x86_64-slc6-gcc62-opt/bin/../lib/gcc -L/cvmfs/atlas.cern.ch/repo/sw/software/21.0/sw/lcg/releases/gcc/6.2binutils/x86_64-slc6-gcc62-opt/bin/../lib/gcc/x86_64-pc-linux-gnu/6.2.0/../../../../lib64 -L/lib/../lib64 -L/usr/lib/../lib64 -L/cvmfs/atlas.cern.ch/repo/sw/software/21.0/sw/lcg/releases/gcc/6.2binutils/x86_64-slc6-gcc62-opt/bin/../lib/gcc/x86_64-pc-linux-gnu/6.2.0/../../.. /tmp/ccxZGqnM.o -lgfortran -lm -lgcc_s -lgcc -lquadmath -lm -lgcc_s -lgcc -lc -lgcc_s -lgcc /cvmfs/atlas.cern.ch/repo/sw/software/21.0/sw/lcg/releases/gcc/6.2binutils/x86_64-slc6-gcc62-opt/bin/../lib/gcc/x86_64-pc-linux-gnu/6.2.0/crtend.o /lib/../lib64/crtn.o
COLLECT_GCC_OPTIONS='-ffixed-line-length-132' '-D' 'FVOIDP=INTEGER*8' '-v' '-shared-libgcc' '-mtune=generic' '-march=x86-64'


Compilation of the Fortran compiler identification source "CMakeFortranCompilerId.F" produced "a.out"

The Fortran compiler identification is GNU, found in "/home/abes/tutorial2017/build/CMakeFiles/3.11.0/CompilerIdFortran/a.out"

Determining if the Fortran compiler works passed with the following output:
Change Dir: /home/abes/tutorial2017/build/CMakeFiles/CMakeTmp

Run Build Command:"/usr/bin/gmake" "cmTC_94333/fast"
/usr/bin/gmake -f CMakeFiles/cmTC_94333.dir/build.make CMakeFiles/cmTC_94333.dir/build
gmake[1]: Entering directory `/home/abes/tutorial2017/build/CMakeFiles/CMakeTmp'
Building Fortran object CMakeFiles/cmTC_94333.dir/testFortranCompiler.f.o
/cvmfs/atlas.cern.ch/repo/sw/software/21.0/sw/lcg/releases/gcc/6.2.0binutils/x86_64-slc6-gcc62-opt/bin/gfortran   -ffixed-line-length-132 -DFVOIDP=INTEGER*8    -c /home/abes/tutorial2017/build/CMakeFiles/CMakeTmp/testFortranCompiler.f -o CMakeFiles/cmTC_94333.dir/testFortranCompiler.f.o
Linking Fortran executable cmTC_94333
/cvmfs/atlas.cern.ch/repo/ATLASLocalRootBase/x86_64/Cmake/3.11.0/Linux-x86_64/bin/cmake -E cmake_link_script CMakeFiles/cmTC_94333.dir/link.txt --verbose=1
/cvmfs/atlas.cern.ch/repo/sw/software/21.0/sw/lcg/releases/gcc/6.2.0binutils/x86_64-slc6-gcc62-opt/bin/gfortran   -Wl,--as-needed -Wl,--hash-style=both   -ffixed-line-length-132 -DFVOIDP=INTEGER*8  CMakeFiles/cmTC_94333.dir/testFortranCompiler.f.o  -o cmTC_94333 
gmake[1]: Leaving directory `/home/abes/tutorial2017/build/CMakeFiles/CMakeTmp'


Detecting Fortran compiler ABI info compiled with the following output:
Change Dir: /home/abes/tutorial2017/build/CMakeFiles/CMakeTmp

Run Build Command:"/usr/bin/gmake" "cmTC_b9b9d/fast"
/usr/bin/gmake -f CMakeFiles/cmTC_b9b9d.dir/build.make CMakeFiles/cmTC_b9b9d.dir/build
gmake[1]: Entering directory `/home/abes/tutorial2017/build/CMakeFiles/CMakeTmp'
Building Fortran object CMakeFiles/cmTC_b9b9d.dir/CMakeFortranCompilerABI.F.o
/cvmfs/atlas.cern.ch/repo/sw/software/21.0/sw/lcg/releases/gcc/6.2.0binutils/x86_64-slc6-gcc62-opt/bin/gfortran   -ffixed-line-length-132 -DFVOIDP=INTEGER*8    -c /cvmfs/atlas.cern.ch/repo/ATLASLocalRootBase/x86_64/Cmake/3.11.0/Linux-x86_64/share/cmake-3.11/Modules/CMakeFortranCompilerABI.F -o CMakeFiles/cmTC_b9b9d.dir/CMakeFortranCompilerABI.F.o
Linking Fortran executable cmTC_b9b9d
/cvmfs/atlas.cern.ch/repo/ATLASLocalRootBase/x86_64/Cmake/3.11.0/Linux-x86_64/bin/cmake -E cmake_link_script CMakeFiles/cmTC_b9b9d.dir/link.txt --verbose=1
/cvmfs/atlas.cern.ch/repo/sw/software/21.0/sw/lcg/releases/gcc/6.2.0binutils/x86_64-slc6-gcc62-opt/bin/gfortran   -Wl,--as-needed -Wl,--hash-style=both -v  -ffixed-line-length-132 -DFVOIDP=INTEGER*8  CMakeFiles/cmTC_b9b9d.dir/CMakeFortranCompilerABI.F.o  -o cmTC_b9b9d 
Driving: /cvmfs/atlas.cern.ch/repo/sw/software/21.0/sw/lcg/releases/gcc/6.2.0binutils/x86_64-slc6-gcc62-opt/bin/gfortran -Wl,--as-needed -Wl,--hash-style=both -v -ffixed-line-length-132 -DFVOIDP=INTEGER*8 CMakeFiles/cmTC_b9b9d.dir/CMakeFortranCompilerABI.F.o -o cmTC_b9b9d -l gfortran -l m -shared-libgcc
Using built-in specs.
COLLECT_GCC=/cvmfs/atlas.cern.ch/repo/sw/software/21.0/sw/lcg/releases/gcc/6.2.0binutils/x86_64-slc6-gcc62-opt/bin/gfortran
COLLECT_LTO_WRAPPER=/cvmfs/atlas.cern.ch/repo/sw/software/21.0/sw/lcg/releases/gcc/6.2binutils/x86_64-slc6-gcc62-opt/bin/../libexec/gcc/x86_64-pc-linux-gnu/6.2.0/lto-wrapper
Target: x86_64-pc-linux-gnu
Configured with: ../gcc-6.2.0/configure --prefix=/build/pmendez-sftnight/install-gcc620binutils -with-system-zlib --disable-multilib --enable-languages=all --with-gnu-ld --with-ld=/cvmfs/sft.cern.ch/lcg/contrib/bintuils/2.28/x86_64-slc6/bin/ld -with-gnu-as --with-gold=/cvmfs/sft.cern.ch/lcg/contrib/bintuils/2.28/x86_64-slc6/bin/ld.gold --with-as=/cvmfs/sft.cern.ch/lcg/contrib/bintuils/2.28/x86_64-slc6/bin/as --enable-gold --enable-ld
Thread model: posix
gcc version 6.2.0 (GCC) 
Reading specs from /cvmfs/atlas.cern.ch/repo/sw/software/21.0/sw/lcg/releases/gcc/6.2binutils/x86_64-slc6-gcc62-opt/bin/../lib/gcc/x86_64-pc-linux-gnu/6.2.0/../../../../lib64/libgfortran.spec
rename spec lib to liborig
COLLECT_GCC_OPTIONS='-v' '-ffixed-line-length-132' '-D' 'FVOIDP=INTEGER*8' '-o' 'cmTC_b9b9d' '-shared-libgcc' '-mtune=generic' '-march=x86-64'
COMPILER_PATH=/cvmfs/atlas.cern.ch/repo/sw/software/21.0/sw/lcg/releases/gcc/6.2binutils/x86_64-slc6-gcc62-opt/bin/../libexec/gcc/x86_64-pc-linux-gnu/6.2.0/:/cvmfs/atlas.cern.ch/repo/sw/software/21.0/sw/lcg/releases/gcc/6.2binutils/x86_64-slc6-gcc62-opt/bin/../libexec/gcc/
LIBRARY_PATH=/cvmfs/atlas.cern.ch/repo/sw/software/21.0/sw/lcg/releases/gcc/6.2binutils/x86_64-slc6-gcc62-opt/bin/../lib/gcc/x86_64-pc-linux-gnu/6.2.0/:/cvmfs/atlas.cern.ch/repo/sw/software/21.0/sw/lcg/releases/gcc/6.2binutils/x86_64-slc6-gcc62-opt/bin/../lib/gcc/:/cvmfs/atlas.cern.ch/repo/sw/software/21.0/sw/lcg/releases/gcc/6.2binutils/x86_64-slc6-gcc62-opt/bin/../lib/gcc/x86_64-pc-linux-gnu/6.2.0/../../../../lib64/:/lib/../lib64/:/usr/lib/../lib64/:/cvmfs/atlas.cern.ch/repo/sw/software/21.0/sw/lcg/releases/gcc/6.2binutils/x86_64-slc6-gcc62-opt/bin/../lib/gcc/x86_64-pc-linux-gnu/6.2.0/../../../:/lib/:/usr/lib/
COLLECT_GCC_OPTIONS='-v' '-ffixed-line-length-132' '-D' 'FVOIDP=INTEGER*8' '-o' 'cmTC_b9b9d' '-shared-libgcc' '-mtune=generic' '-march=x86-64'
 /cvmfs/atlas.cern.ch/repo/sw/software/21.0/sw/lcg/releases/gcc/6.2binutils/x86_64-slc6-gcc62-opt/bin/../libexec/gcc/x86_64-pc-linux-gnu/6.2.0/collect2 -plugin /cvmfs/atlas.cern.ch/repo/sw/software/21.0/sw/lcg/releases/gcc/6.2binutils/x86_64-slc6-gcc62-opt/bin/../libexec/gcc/x86_64-pc-linux-gnu/6.2.0/liblto_plugin.so -plugin-opt=/cvmfs/atlas.cern.ch/repo/sw/software/21.0/sw/lcg/releases/gcc/6.2binutils/x86_64-slc6-gcc62-opt/bin/../libexec/gcc/x86_64-pc-linux-gnu/6.2.0/lto-wrapper -plugin-opt=-fresolution=/tmp/ccsOn5gL.res -plugin-opt=-pass-through=-lgcc_s -plugin-opt=-pass-through=-lgcc -plugin-opt=-pass-through=-lquadmath -plugin-opt=-pass-through=-lm -plugin-opt=-pass-through=-lgcc_s -plugin-opt=-pass-through=-lgcc -plugin-opt=-pass-through=-lc -plugin-opt=-pass-through=-lgcc_s -plugin-opt=-pass-through=-lgcc --eh-frame-hdr -m elf_x86_64 -dynamic-linker /lib64/ld-linux-x86-64.so.2 -o cmTC_b9b9d /lib/../lib64/crt1.o /lib/../lib64/crti.o /cvmfs/atlas.cern.ch/repo/sw/software/21.0/sw/lcg/releases/gcc/6.2binutils/x86_64-slc6-gcc62-opt/bin/../lib/gcc/x86_64-pc-linux-gnu/6.2.0/crtbegin.o -L/cvmfs/atlas.cern.ch/repo/sw/software/21.0/sw/lcg/releases/gcc/6.2binutils/x86_64-slc6-gcc62-opt/bin/../lib/gcc/x86_64-pc-linux-gnu/6.2.0 -L/cvmfs/atlas.cern.ch/repo/sw/software/21.0/sw/lcg/releases/gcc/6.2binutils/x86_64-slc6-gcc62-opt/bin/../lib/gcc -L/cvmfs/atlas.cern.ch/repo/sw/software/21.0/sw/lcg/releases/gcc/6.2binutils/x86_64-slc6-gcc62-opt/bin/../lib/gcc/x86_64-pc-linux-gnu/6.2.0/../../../../lib64 -L/lib/../lib64 -L/usr/lib/../lib64 -L/cvmfs/atlas.cern.ch/repo/sw/software/21.0/sw/lcg/releases/gcc/6.2binutils/x86_64-slc6-gcc62-opt/bin/../lib/gcc/x86_64-pc-linux-gnu/6.2.0/../../.. --as-needed --hash-style=both CMakeFiles/cmTC_b9b9d.dir/CMakeFortranCompilerABI.F.o -lgfortran -lm -lgcc_s -lgcc -lquadmath -lm -lgcc_s -lgcc -lc -lgcc_s -lgcc /cvmfs/atlas.cern.ch/repo/sw/software/21.0/sw/lcg/releases/gcc/6.2binutils/x86_64-slc6-gcc62-opt/bin/../lib/gcc/x86_64-pc-linux-gnu/6.2.0/crtend.o /lib/../lib64/crtn.o
COLLECT_GCC_OPTIONS='-v' '-ffixed-line-length-132' '-D' 'FVOIDP=INTEGER*8' '-o' 'cmTC_b9b9d' '-shared-libgcc' '-mtune=generic' '-march=x86-64'
gmake[1]: Leaving directory `/home/abes/tutorial2017/build/CMakeFiles/CMakeTmp'


Parsed Fortran implicit link information from above output:
  link line regex: [^( *|.*[/\])(ld|CMAKE_LINK_STARTFILE-NOTFOUND|([^/\]+-)?ld|collect2)[^/\]*( |$)]
  ignore line: [Change Dir: /home/abes/tutorial2017/build/CMakeFiles/CMakeTmp]
  ignore line: []
  ignore line: [Run Build Command:"/usr/bin/gmake" "cmTC_b9b9d/fast"]
  ignore line: [/usr/bin/gmake -f CMakeFiles/cmTC_b9b9d.dir/build.make CMakeFiles/cmTC_b9b9d.dir/build]
  ignore line: [gmake[1]: Entering directory `/home/abes/tutorial2017/build/CMakeFiles/CMakeTmp']
  ignore line: [Building Fortran object CMakeFiles/cmTC_b9b9d.dir/CMakeFortranCompilerABI.F.o]
  ignore line: [/cvmfs/atlas.cern.ch/repo/sw/software/21.0/sw/lcg/releases/gcc/6.2.0binutils/x86_64-slc6-gcc62-opt/bin/gfortran   -ffixed-line-length-132 -DFVOIDP=INTEGER*8    -c /cvmfs/atlas.cern.ch/repo/ATLASLocalRootBase/x86_64/Cmake/3.11.0/Linux-x86_64/share/cmake-3.11/Modules/CMakeFortranCompilerABI.F -o CMakeFiles/cmTC_b9b9d.dir/CMakeFortranCompilerABI.F.o]
  ignore line: [Linking Fortran executable cmTC_b9b9d]
  ignore line: [/cvmfs/atlas.cern.ch/repo/ATLASLocalRootBase/x86_64/Cmake/3.11.0/Linux-x86_64/bin/cmake -E cmake_link_script CMakeFiles/cmTC_b9b9d.dir/link.txt --verbose=1]
  ignore line: [/cvmfs/atlas.cern.ch/repo/sw/software/21.0/sw/lcg/releases/gcc/6.2.0binutils/x86_64-slc6-gcc62-opt/bin/gfortran   -Wl,--as-needed -Wl,--hash-style=both -v  -ffixed-line-length-132 -DFVOIDP=INTEGER*8  CMakeFiles/cmTC_b9b9d.dir/CMakeFortranCompilerABI.F.o  -o cmTC_b9b9d ]
  ignore line: [Driving: /cvmfs/atlas.cern.ch/repo/sw/software/21.0/sw/lcg/releases/gcc/6.2.0binutils/x86_64-slc6-gcc62-opt/bin/gfortran -Wl,--as-needed -Wl,--hash-style=both -v -ffixed-line-length-132 -DFVOIDP=INTEGER*8 CMakeFiles/cmTC_b9b9d.dir/CMakeFortranCompilerABI.F.o -o cmTC_b9b9d -l gfortran -l m -shared-libgcc]
  ignore line: [Using built-in specs.]
  ignore line: [COLLECT_GCC=/cvmfs/atlas.cern.ch/repo/sw/software/21.0/sw/lcg/releases/gcc/6.2.0binutils/x86_64-slc6-gcc62-opt/bin/gfortran]
  ignore line: [COLLECT_LTO_WRAPPER=/cvmfs/atlas.cern.ch/repo/sw/software/21.0/sw/lcg/releases/gcc/6.2binutils/x86_64-slc6-gcc62-opt/bin/../libexec/gcc/x86_64-pc-linux-gnu/6.2.0/lto-wrapper]
  ignore line: [Target: x86_64-pc-linux-gnu]
  ignore line: [Configured with: ../gcc-6.2.0/configure --prefix=/build/pmendez-sftnight/install-gcc620binutils -with-system-zlib --disable-multilib --enable-languages=all --with-gnu-ld --with-ld=/cvmfs/sft.cern.ch/lcg/contrib/bintuils/2.28/x86_64-slc6/bin/ld -with-gnu-as --with-gold=/cvmfs/sft.cern.ch/lcg/contrib/bintuils/2.28/x86_64-slc6/bin/ld.gold --with-as=/cvmfs/sft.cern.ch/lcg/contrib/bintuils/2.28/x86_64-slc6/bin/as --enable-gold --enable-ld]
  ignore line: [Thread model: posix]
  ignore line: [gcc version 6.2.0 (GCC) ]
  ignore line: [Reading specs from /cvmfs/atlas.cern.ch/repo/sw/software/21.0/sw/lcg/releases/gcc/6.2binutils/x86_64-slc6-gcc62-opt/bin/../lib/gcc/x86_64-pc-linux-gnu/6.2.0/../../../../lib64/libgfortran.spec]
  ignore line: [rename spec lib to liborig]
  ignore line: [COLLECT_GCC_OPTIONS='-v' '-ffixed-line-length-132' '-D' 'FVOIDP=INTEGER*8' '-o' 'cmTC_b9b9d' '-shared-libgcc' '-mtune=generic' '-march=x86-64']
  ignore line: [COMPILER_PATH=/cvmfs/atlas.cern.ch/repo/sw/software/21.0/sw/lcg/releases/gcc/6.2binutils/x86_64-slc6-gcc62-opt/bin/../libexec/gcc/x86_64-pc-linux-gnu/6.2.0/:/cvmfs/atlas.cern.ch/repo/sw/software/21.0/sw/lcg/releases/gcc/6.2binutils/x86_64-slc6-gcc62-opt/bin/../libexec/gcc/]
  ignore line: [LIBRARY_PATH=/cvmfs/atlas.cern.ch/repo/sw/software/21.0/sw/lcg/releases/gcc/6.2binutils/x86_64-slc6-gcc62-opt/bin/../lib/gcc/x86_64-pc-linux-gnu/6.2.0/:/cvmfs/atlas.cern.ch/repo/sw/software/21.0/sw/lcg/releases/gcc/6.2binutils/x86_64-slc6-gcc62-opt/bin/../lib/gcc/:/cvmfs/atlas.cern.ch/repo/sw/software/21.0/sw/lcg/releases/gcc/6.2binutils/x86_64-slc6-gcc62-opt/bin/../lib/gcc/x86_64-pc-linux-gnu/6.2.0/../../../../lib64/:/lib/../lib64/:/usr/lib/../lib64/:/cvmfs/atlas.cern.ch/repo/sw/software/21.0/sw/lcg/releases/gcc/6.2binutils/x86_64-slc6-gcc62-opt/bin/../lib/gcc/x86_64-pc-linux-gnu/6.2.0/../../../:/lib/:/usr/lib/]
  ignore line: [COLLECT_GCC_OPTIONS='-v' '-ffixed-line-length-132' '-D' 'FVOIDP=INTEGER*8' '-o' 'cmTC_b9b9d' '-shared-libgcc' '-mtune=generic' '-march=x86-64']
  link line: [ /cvmfs/atlas.cern.ch/repo/sw/software/21.0/sw/lcg/releases/gcc/6.2binutils/x86_64-slc6-gcc62-opt/bin/../libexec/gcc/x86_64-pc-linux-gnu/6.2.0/collect2 -plugin /cvmfs/atlas.cern.ch/repo/sw/software/21.0/sw/lcg/releases/gcc/6.2binutils/x86_64-slc6-gcc62-opt/bin/../libexec/gcc/x86_64-pc-linux-gnu/6.2.0/liblto_plugin.so -plugin-opt=/cvmfs/atlas.cern.ch/repo/sw/software/21.0/sw/lcg/releases/gcc/6.2binutils/x86_64-slc6-gcc62-opt/bin/../libexec/gcc/x86_64-pc-linux-gnu/6.2.0/lto-wrapper -plugin-opt=-fresolution=/tmp/ccsOn5gL.res -plugin-opt=-pass-through=-lgcc_s -plugin-opt=-pass-through=-lgcc -plugin-opt=-pass-through=-lquadmath -plugin-opt=-pass-through=-lm -plugin-opt=-pass-through=-lgcc_s -plugin-opt=-pass-through=-lgcc -plugin-opt=-pass-through=-lc -plugin-opt=-pass-through=-lgcc_s -plugin-opt=-pass-through=-lgcc --eh-frame-hdr -m elf_x86_64 -dynamic-linker /lib64/ld-linux-x86-64.so.2 -o cmTC_b9b9d /lib/../lib64/crt1.o /lib/../lib64/crti.o /cvmfs/atlas.cern.ch/repo/sw/software/21.0/sw/lcg/releases/gcc/6.2binutils/x86_64-slc6-gcc62-opt/bin/../lib/gcc/x86_64-pc-linux-gnu/6.2.0/crtbegin.o -L/cvmfs/atlas.cern.ch/repo/sw/software/21.0/sw/lcg/releases/gcc/6.2binutils/x86_64-slc6-gcc62-opt/bin/../lib/gcc/x86_64-pc-linux-gnu/6.2.0 -L/cvmfs/atlas.cern.ch/repo/sw/software/21.0/sw/lcg/releases/gcc/6.2binutils/x86_64-slc6-gcc62-opt/bin/../lib/gcc -L/cvmfs/atlas.cern.ch/repo/sw/software/21.0/sw/lcg/releases/gcc/6.2binutils/x86_64-slc6-gcc62-opt/bin/../lib/gcc/x86_64-pc-linux-gnu/6.2.0/../../../../lib64 -L/lib/../lib64 -L/usr/lib/../lib64 -L/cvmfs/atlas.cern.ch/repo/sw/software/21.0/sw/lcg/releases/gcc/6.2binutils/x86_64-slc6-gcc62-opt/bin/../lib/gcc/x86_64-pc-linux-gnu/6.2.0/../../.. --as-needed --hash-style=both CMakeFiles/cmTC_b9b9d.dir/CMakeFortranCompilerABI.F.o -lgfortran -lm -lgcc_s -lgcc -lquadmath -lm -lgcc_s -lgcc -lc -lgcc_s -lgcc /cvmfs/atlas.cern.ch/repo/sw/software/21.0/sw/lcg/releases/gcc/6.2binutils/x86_64-slc6-gcc62-opt/bin/../lib/gcc/x86_64-pc-linux-gnu/6.2.0/crtend.o /lib/../lib64/crtn.o]
    arg [/cvmfs/atlas.cern.ch/repo/sw/software/21.0/sw/lcg/releases/gcc/6.2binutils/x86_64-slc6-gcc62-opt/bin/../libexec/gcc/x86_64-pc-linux-gnu/6.2.0/collect2] ==> ignore
    arg [-plugin] ==> ignore
    arg [/cvmfs/atlas.cern.ch/repo/sw/software/21.0/sw/lcg/releases/gcc/6.2binutils/x86_64-slc6-gcc62-opt/bin/../libexec/gcc/x86_64-pc-linux-gnu/6.2.0/liblto_plugin.so] ==> ignore
    arg [-plugin-opt=/cvmfs/atlas.cern.ch/repo/sw/software/21.0/sw/lcg/releases/gcc/6.2binutils/x86_64-slc6-gcc62-opt/bin/../libexec/gcc/x86_64-pc-linux-gnu/6.2.0/lto-wrapper] ==> ignore
    arg [-plugin-opt=-fresolution=/tmp/ccsOn5gL.res] ==> ignore
    arg [-plugin-opt=-pass-through=-lgcc_s] ==> ignore
    arg [-plugin-opt=-pass-through=-lgcc] ==> ignore
    arg [-plugin-opt=-pass-through=-lquadmath] ==> ignore
    arg [-plugin-opt=-pass-through=-lm] ==> ignore
    arg [-plugin-opt=-pass-through=-lgcc_s] ==> ignore
    arg [-plugin-opt=-pass-through=-lgcc] ==> ignore
    arg [-plugin-opt=-pass-through=-lc] ==> ignore
    arg [-plugin-opt=-pass-through=-lgcc_s] ==> ignore
    arg [-plugin-opt=-pass-through=-lgcc] ==> ignore
    arg [--eh-frame-hdr] ==> ignore
    arg [-m] ==> ignore
    arg [elf_x86_64] ==> ignore
    arg [-dynamic-linker] ==> ignore
    arg [/lib64/ld-linux-x86-64.so.2] ==> ignore
    arg [-o] ==> ignore
    arg [cmTC_b9b9d] ==> ignore
    arg [/lib/../lib64/crt1.o] ==> ignore
    arg [/lib/../lib64/crti.o] ==> ignore
    arg [/cvmfs/atlas.cern.ch/repo/sw/software/21.0/sw/lcg/releases/gcc/6.2binutils/x86_64-slc6-gcc62-opt/bin/../lib/gcc/x86_64-pc-linux-gnu/6.2.0/crtbegin.o] ==> ignore
    arg [-L/cvmfs/atlas.cern.ch/repo/sw/software/21.0/sw/lcg/releases/gcc/6.2binutils/x86_64-slc6-gcc62-opt/bin/../lib/gcc/x86_64-pc-linux-gnu/6.2.0] ==> dir [/cvmfs/atlas.cern.ch/repo/sw/software/21.0/sw/lcg/releases/gcc/6.2binutils/x86_64-slc6-gcc62-opt/bin/../lib/gcc/x86_64-pc-linux-gnu/6.2.0]
    arg [-L/cvmfs/atlas.cern.ch/repo/sw/software/21.0/sw/lcg/releases/gcc/6.2binutils/x86_64-slc6-gcc62-opt/bin/../lib/gcc] ==> dir [/cvmfs/atlas.cern.ch/repo/sw/software/21.0/sw/lcg/releases/gcc/6.2binutils/x86_64-slc6-gcc62-opt/bin/../lib/gcc]
    arg [-L/cvmfs/atlas.cern.ch/repo/sw/software/21.0/sw/lcg/releases/gcc/6.2binutils/x86_64-slc6-gcc62-opt/bin/../lib/gcc/x86_64-pc-linux-gnu/6.2.0/../../../../lib64] ==> dir [/cvmfs/atlas.cern.ch/repo/sw/software/21.0/sw/lcg/releases/gcc/6.2binutils/x86_64-slc6-gcc62-opt/bin/../lib/gcc/x86_64-pc-linux-gnu/6.2.0/../../../../lib64]
    arg [-L/lib/../lib64] ==> dir [/lib/../lib64]
    arg [-L/usr/lib/../lib64] ==> dir [/usr/lib/../lib64]
    arg [-L/cvmfs/atlas.cern.ch/repo/sw/software/21.0/sw/lcg/releases/gcc/6.2binutils/x86_64-slc6-gcc62-opt/bin/../lib/gcc/x86_64-pc-linux-gnu/6.2.0/../../..] ==> dir [/cvmfs/atlas.cern.ch/repo/sw/software/21.0/sw/lcg/releases/gcc/6.2binutils/x86_64-slc6-gcc62-opt/bin/../lib/gcc/x86_64-pc-linux-gnu/6.2.0/../../..]
    arg [--as-needed] ==> ignore
    arg [--hash-style=both] ==> ignore
    arg [CMakeFiles/cmTC_b9b9d.dir/CMakeFortranCompilerABI.F.o] ==> ignore
    arg [-lgfortran] ==> lib [gfortran]
    arg [-lm] ==> lib [m]
    arg [-lgcc_s] ==> lib [gcc_s]
    arg [-lgcc] ==> lib [gcc]
    arg [-lquadmath] ==> lib [quadmath]
    arg [-lm] ==> lib [m]
    arg [-lgcc_s] ==> lib [gcc_s]
    arg [-lgcc] ==> lib [gcc]
    arg [-lc] ==> lib [c]
    arg [-lgcc_s] ==> lib [gcc_s]
    arg [-lgcc] ==> lib [gcc]
    arg [/cvmfs/atlas.cern.ch/repo/sw/software/21.0/sw/lcg/releases/gcc/6.2binutils/x86_64-slc6-gcc62-opt/bin/../lib/gcc/x86_64-pc-linux-gnu/6.2.0/crtend.o] ==> ignore
    arg [/lib/../lib64/crtn.o] ==> ignore
  collapse library dir [/cvmfs/atlas.cern.ch/repo/sw/software/21.0/sw/lcg/releases/gcc/6.2binutils/x86_64-slc6-gcc62-opt/bin/../lib/gcc/x86_64-pc-linux-gnu/6.2.0] ==> [/cvmfs/atlas.cern.ch/repo/sw/software/21.0/sw/lcg/releases/gcc/6.2binutils/x86_64-slc6-gcc62-opt/lib/gcc/x86_64-pc-linux-gnu/6.2.0]
  collapse library dir [/cvmfs/atlas.cern.ch/repo/sw/software/21.0/sw/lcg/releases/gcc/6.2binutils/x86_64-slc6-gcc62-opt/bin/../lib/gcc] ==> [/cvmfs/atlas.cern.ch/repo/sw/software/21.0/sw/lcg/releases/gcc/6.2binutils/x86_64-slc6-gcc62-opt/lib/gcc]
  collapse library dir [/cvmfs/atlas.cern.ch/repo/sw/software/21.0/sw/lcg/releases/gcc/6.2binutils/x86_64-slc6-gcc62-opt/bin/../lib/gcc/x86_64-pc-linux-gnu/6.2.0/../../../../lib64] ==> [/cvmfs/atlas.cern.ch/repo/sw/software/21.0/sw/lcg/releases/gcc/6.2binutils/x86_64-slc6-gcc62-opt/lib64]
  collapse library dir [/lib/../lib64] ==> [/lib64]
  collapse library dir [/usr/lib/../lib64] ==> [/usr/lib64]
  collapse library dir [/cvmfs/atlas.cern.ch/repo/sw/software/21.0/sw/lcg/releases/gcc/6.2binutils/x86_64-slc6-gcc62-opt/bin/../lib/gcc/x86_64-pc-linux-gnu/6.2.0/../../..] ==> [/cvmfs/atlas.cern.ch/repo/sw/software/21.0/sw/lcg/releases/gcc/6.2binutils/x86_64-slc6-gcc62-opt/lib]
  implicit libs: [gfortran;m;gcc_s;gcc;quadmath;m;gcc_s;gcc;c;gcc_s;gcc]
  implicit dirs: [/cvmfs/atlas.cern.ch/repo/sw/software/21.0/sw/lcg/releases/gcc/6.2binutils/x86_64-slc6-gcc62-opt/lib/gcc/x86_64-pc-linux-gnu/6.2.0;/cvmfs/atlas.cern.ch/repo/sw/software/21.0/sw/lcg/releases/gcc/6.2binutils/x86_64-slc6-gcc62-opt/lib/gcc;/cvmfs/atlas.cern.ch/repo/sw/software/21.0/sw/lcg/releases/gcc/6.2binutils/x86_64-slc6-gcc62-opt/lib64;/lib64;/usr/lib64;/cvmfs/atlas.cern.ch/repo/sw/software/21.0/sw/lcg/releases/gcc/6.2binutils/x86_64-slc6-gcc62-opt/lib]
  implicit fwks: []


Determining if the Fortran compiler supports Fortran 90 passed with the following output:
Change Dir: /home/abes/tutorial2017/build/CMakeFiles/CMakeTmp

Run Build Command:"/usr/bin/gmake" "cmTC_85e56/fast"
/usr/bin/gmake -f CMakeFiles/cmTC_85e56.dir/build.make CMakeFiles/cmTC_85e56.dir/build
gmake[1]: Entering directory `/home/abes/tutorial2017/build/CMakeFiles/CMakeTmp'
Building Fortran object CMakeFiles/cmTC_85e56.dir/testFortranCompilerF90.f90.o
/cvmfs/atlas.cern.ch/repo/sw/software/21.0/sw/lcg/releases/gcc/6.2.0binutils/x86_64-slc6-gcc62-opt/bin/gfortran   -ffixed-line-length-132 -DFVOIDP=INTEGER*8    -c /home/abes/tutorial2017/build/CMakeFiles/CMakeTmp/testFortranCompilerF90.f90 -o CMakeFiles/cmTC_85e56.dir/testFortranCompilerF90.f90.o
Linking Fortran executable cmTC_85e56
/cvmfs/atlas.cern.ch/repo/ATLASLocalRootBase/x86_64/Cmake/3.11.0/Linux-x86_64/bin/cmake -E cmake_link_script CMakeFiles/cmTC_85e56.dir/link.txt --verbose=1
/cvmfs/atlas.cern.ch/repo/sw/software/21.0/sw/lcg/releases/gcc/6.2.0binutils/x86_64-slc6-gcc62-opt/bin/gfortran   -Wl,--as-needed -Wl,--hash-style=both   -ffixed-line-length-132 -DFVOIDP=INTEGER*8  CMakeFiles/cmTC_85e56.dir/testFortranCompilerF90.f90.o  -o cmTC_85e56 
gmake[1]: Leaving directory `/home/abes/tutorial2017/build/CMakeFiles/CMakeTmp'


